   0.0000000000000000       0.70982179558514835       0.59616100984058962       0.22886388364141208        92.087048540206197     
  0.10000000000000003       0.70408276615141763       0.59589716456130648       0.22914088920098499        92.413538146022304     
  0.20000000000000007       0.69844379100403686       0.59488651828700179       0.22943860873133459        92.717314678257480     
  0.30000000000000010       0.69291049765566137       0.59328774753963565       0.22975288985734216        92.999686146731307     
  0.40000000000000013       0.68747996726251881       0.59110297054782857       0.23008400785985411        93.261943958916603     
  0.50000000000000022       0.68215583608326003       0.58845566523230197       0.23042876392425224        93.505352722793830     
  0.60000000000000031       0.67692752464321593       0.58505363943656841       0.23079150547068125        93.730845626949844     
  0.70000000000000040       0.67179387736965024       0.58069828218085651       0.23117173347922224        93.938058557621332     
  0.80000000000000049       0.66677619156649703       0.57564935879223611       0.23155670185720695        94.126935341541255     
  0.90000000000000058       0.66189007137970490       0.57008677730261992       0.23193641532064363        94.297991757192207     
   1.0000000000000007       0.65715222989953137       0.56418186206241006       0.23230012080354717        94.452087485769908     
   1.1000000000000008       0.65257102912042930       0.55807307623636837       0.23264147681630018        94.590338515100029     
   1.2000000000000008       0.64818983278771514       0.55187728368339029       0.23293576752044459        94.713891374209140     
   1.3000000000000009       0.64410570602632067       0.54569290948290494       0.23313118982396205        94.823422548422570     
   1.4000000000000010       0.64040511274076684       0.53960560657031509       0.23318453005757123        94.918979142387087     
   1.5000000000000011       0.63712943871961747       0.53369246504182377       0.23307835307464064        95.000356824063275     
   1.6000000000000012       0.63427856136136873       0.52802464805842464       0.23281610969520017        95.067481347557560     
   1.7000000000000013       0.63180864085079280       0.52266836755482438       0.23241966481644641        95.120708734597528     
   1.8000000000000014       0.62964189009381322       0.51768327852429874       0.23192268157749146        95.161057043024499     
   1.9000000000000015       0.62773389048947348       0.51312276752736463       0.23134334250408151        95.190080796542389     
   2.0000000000000013       0.62607742438163583       0.50903543885617697       0.23068437848808554        95.209372550880644     
   2.1000000000000014       0.62465292436954534       0.50546265191631579       0.22995304516366546        95.220489500359960     
   2.2000000000000015       0.62343343981778998       0.50243542442054490       0.22915896845281342        95.225008567372925     
   2.3000000000000016       0.62238343258158524       0.49997109472493717       0.22831446999764166        95.224543639841144     
   2.4000000000000017       0.62145860337053704       0.49807003245255571       0.22743460299692242        95.220755145555273     
   2.5000000000000018       0.62062124617626957       0.49671492517656635       0.22653193056963747        95.215313847532087     
   2.6000000000000019       0.61985342782039055       0.49586760919880180       0.22561213732317409        95.209682198535361     
   2.7000000000000020       0.61914408278396305       0.49547282972215595       0.22467857001384442        95.205026073368856     
   2.8000000000000020       0.61848592222222742       0.49545161667855031       0.22373331804079041        95.202136735383647     
   2.9000000000000021       0.61787682187053095       0.49569953509302223       0.22277673893200067        95.201386993385569     
   3.0000000000000022       0.61731334952886507       0.49609451279122052       0.22180964707848363        95.202735267563128     
   3.1000000000000023       0.61683662965548502       0.49650359037403230       0.22081462160746451        95.205613926055008     
   3.2000000000000024       0.61655774179900003       0.49678931597503045       0.21975089571437253        95.208459269956421     
   3.3000000000000025       0.61656807170344097       0.49681604719077682       0.21858871875307198        95.208706265085837     
   3.4000000000000026       0.61688651706444775       0.49645681109677942       0.21732291505685547        95.203403911017489     
   3.5000000000000027       0.61746980740993751       0.49560151787915130       0.21596720815149714        95.189839420962770     
   3.6000000000000028       0.61820856598734752       0.49416769717870218       0.21455343369415811        95.166069431557844     
   3.7000000000000028       0.61895386245691031       0.49210924855185667       0.21312361275758548        95.131303868844995     
   3.8000000000000029       0.61963593336880396       0.48942970437645927       0.21169765755446873        95.085720580353865     
   3.9000000000000030       0.62026120583929123       0.48618118154702988       0.21027422295624135        95.029708593142942     
   4.0000000000000027       0.62083408745431268       0.48247637871040133       0.20885274536095630        94.963822981791921     
   4.1000000000000023       0.62136742382799071       0.47849821550277655       0.20743034171110791        94.888946617528447     
   4.2000000000000020       0.62187879417172409       0.47447095025284652       0.20600291562629447        94.806377308924880     
   4.3000000000000016       0.62238326675904843       0.47062918199837178       0.20456791975430336        94.717813612856048     
   4.4000000000000012       0.62285859450982928       0.46720536731554058       0.20313482528460289        94.625433305408549     
   4.5000000000000009       0.62326298413379588       0.46440643709357049       0.20171985339852955        94.532061144346144     
   4.6000000000000005       0.62357879036414965       0.46237171409704575       0.20033273252115433        94.440823332695643     
   4.7000000000000002       0.62381125115565816       0.46117880823928548       0.19897627446783783        94.354688682426513     
   4.7999999999999998       0.62399116354158290       0.46085605183677242       0.19764475857347005        94.276129038772169     
   4.8999999999999995       0.62417400672302914       0.46137533205533421       0.19632393063171152        94.206852013783518     
   4.9999999999999991       0.62440328406785406       0.46262523815459189       0.19500253903505579        94.147621930512940     
   5.0999999999999988       0.62468851340228992       0.46437966763868971       0.19367930082728338        94.098321319515748     
   5.1999999999999984       0.62502826963882641       0.46633560471458635       0.19235599426467911        94.057946140318720     
   5.2999999999999980       0.62541521654406129       0.46817222547978649       0.19103587865025312        94.024655102541203     
   5.3999999999999977       0.62583971230746938       0.46959337759211039       0.18972258177735887        93.995986543791844     
   5.4999999999999973       0.62629172278165313       0.47037595041676367       0.18841952543052651        93.969131967577312     
   5.5999999999999970       0.62677238433315430       0.47041782387969228       0.18712671884596663        93.941295912550274     
   5.6999999999999966       0.62729835440414794       0.46971290066518295       0.18583958397367434        93.909959216693437     
   5.7999999999999963       0.62789169738469019       0.46831216427866362       0.18455191917823408        93.872992083853646     
   5.8999999999999959       0.62857595415499135       0.46631075577429842       0.18325712059802543        93.828724824819730     
   5.9999999999999956       0.62937715045357179       0.46382251710291628       0.18194795403878838        93.775948878723270     
   6.0999999999999952       0.63031808336653306       0.46096386719385063       0.18061847501823544        93.713899947292759     
   6.1999999999999948       0.63146014906590142       0.45784761293743154       0.17925345097385839        93.642050441201917     
   6.2999999999999945       0.63296217441249558       0.45457803841050015       0.17781476774156063        93.559490195543873     
   6.3999999999999941       0.63496337187448215       0.45124974675519286       0.17627349724542277        93.464610080634202     
   6.4999999999999938       0.63749597206449027       0.44794706493157688       0.17462947044663207        93.355790927340180     
   6.5999999999999934       0.64049919770845054       0.44474359262113156       0.17290257743506654        93.232106945529068     
   6.6999999999999931       0.64382019013219860       0.44170116188638564       0.17112846273206897        93.093835058936094     
   6.7999999999999927       0.64721519198211808       0.43886650806699706       0.16935707433534475        92.942844374709225     
   6.8999999999999924       0.65038366752046317       0.43627336135484540       0.16764871657785027        92.782826820394334     
   6.9999999999999920       0.65306291389219906       0.43395122205488518       0.16605989759230116        92.619011064096668     
   7.0999999999999917       0.65508237017753301       0.43192860992317644       0.16463519718970537        92.457366084408193     
   7.1999999999999913       0.65636012713092351       0.43023230409579077       0.16340702461274276        92.303819766003969     
   7.2999999999999909       0.65690209581875170       0.42888698174335926       0.16239177957802461        92.163626749019258     
   7.3999999999999906       0.65680789718088484       0.42791461345197507       0.16158142554989435        92.040823420408159     
   7.4999999999999902       0.65620522907918755       0.42733380369449442       0.16095492553668839        91.937893406021843     
   7.5999999999999899       0.65511723135762323       0.42715909939223329       0.16051825149603030        91.856358679615710     
   7.6999999999999895       0.65352924017375202       0.42740036858744374       0.16029016934963719        91.797639625536647     
   7.7999999999999892       0.65148867418167722       0.42806230476639401       0.16026976005020130        91.762837900352395     
   7.8999999999999888       0.64908986548246872       0.42914387503226248       0.16043597400224990        91.752331116912643     
   7.9999999999999885       0.64647037183900635       0.43063839951662669       0.16074501910352956        91.765552639606071     
   8.0999999999999890       0.64381340603026904       0.43253350335442470       0.16112720162164945        91.800744575280959     
   8.1999999999999886       0.64124680356964336       0.43481144149489848       0.16153038249372481        91.855090334631655     
   8.2999999999999883       0.63879934341977251       0.43744959914552339       0.16194185090121119        91.925666350029346     
   8.3999999999999879       0.63648036350365644       0.44042116947057286       0.16235671836534921        92.009865963489077     
   8.4999999999999876       0.63428835746207191       0.44369583655914729       0.16277439742582983        92.105437787981700     
   8.5999999999999872       0.63221241257659444       0.44724080073952382       0.16319800921442090        92.210450454154270     
   8.6999999999999869       0.63022995648744340       0.45102107053234164       0.16363536566684084        92.323384582095173     
   8.7999999999999865       0.62831377725379989       0.45500083150726239       0.16409627896004331        92.443033912623719     
   8.8999999999999861       0.62644392255707326       0.45914243650464109       0.16458809675776312        92.568512658132093     
   8.9999999999999858       0.62460539262516912       0.46341120198782354       0.16511652513570158        92.699086253162889     
   9.0999999999999854       0.62278372774081581       0.46774425371094402       0.16568741171493118        92.834127305498910     
   9.1999999999999851       0.62096200913118393       0.47201072691395146       0.16630798235332067        92.972924935610195     
   9.2999999999999847       0.61912285896640928       0.47602423691616619       0.16698659669092808        93.114501445435153     
   9.3999999999999844       0.61724345422491744       0.47956887256929159       0.16773508098779258        93.257533977697676     
   9.4999999999999840       0.61527208511973863       0.48242604715617843       0.16857813584732728        93.400512616602725     
   9.5999999999999837       0.61315449857033766       0.48441763210417232       0.16954318458998802        93.542006748473923     
   9.6999999999999833       0.61087572860469430       0.48546100690590649       0.17064233819767272        93.680698913721102     
   9.7999999999999829       0.60845149452765057       0.48554242242029483       0.17187382062491743        93.815381019577117     
   9.8999999999999826       0.60592548140260194       0.48468038061708851       0.17322088126065593        93.944841265827549     
   9.9999999999999822       0.60336718771738063       0.48292279604313781       0.17465135060215872        94.067736559899444     
   10.099999999999982       0.60082136415070853       0.48037548977687633       0.17614145748695118        94.182696753910349     
   10.199999999999982       0.59829711829267440       0.47722771768909678       0.17768253072930049        94.288905407720279     
   10.299999999999981       0.59580597275339231       0.47370659525606834       0.17926396185367371        94.386313803843947     
   10.399999999999981       0.59336066186004199       0.47002935978241550       0.18087422571970788        94.475500111741084     
   10.499999999999980       0.59097152100060679       0.46637840893606392       0.18250318007811012        94.557497132398439     
   10.599999999999980       0.58864956777430266       0.46288209321756607       0.18414045962257106        94.633561283630385     
   10.699999999999980       0.58636591753957013       0.45959810869012735       0.18579436809871960        94.705042785541963     
   10.799999999999979       0.58404588918291966       0.45654944470423481       0.18749590933568649        94.773611332945251     
   10.899999999999979       0.58163029296816837       0.45376023900694529       0.18927109992014782        94.841276446142118     
   10.999999999999979       0.57909288968033545       0.45125251794399973       0.19113254810542701        94.910093591749146     
   11.099999999999978       0.57643709629887108       0.44904700400834580       0.19308015598089823        94.981917622076097     
   11.199999999999978       0.57369650252027982       0.44716239135674712       0.19509894244708978        95.058167084891835     
   11.299999999999978       0.57092571415339843       0.44561502081898063       0.19716130816257132        95.139690181816007     
   11.399999999999977       0.56816002410420108       0.44441877375177113       0.19924856322053255        95.226837678439267     
   11.499999999999977       0.56540874986377254       0.44358362889532432       0.20135562024573952        95.319763671198274     
   11.599999999999977       0.56267981741326301       0.44311676366052105       0.20347795850415795        95.418566659386954     
   11.699999999999976       0.55997817734112587       0.44302032949205439       0.20561234780083604        95.523277014227972     
   11.799999999999976       0.55730717812217356       0.44329320632395730       0.20775619992562352        95.633892663790135     
   11.899999999999975       0.55466721533275187       0.44392877487663523       0.20990829338061398        95.750374425389424     
   11.999999999999975       0.55206167101787862       0.44491702751088874       0.21206554754882570        95.872657158454075     
   12.099999999999975       0.54949575126740313       0.44624266502848448       0.21422353182648834        96.000586985173882     
   12.199999999999974       0.54697188499276916       0.44788731221886863       0.21637922658043945        96.133954260993661     
   12.299999999999974       0.54448750157121051       0.44982811121108007       0.21853227921422594        96.272509325028338     
   12.399999999999974       0.54203625653964849       0.45203978030476583       0.22068445673163226        96.416000616928926     
   12.499999999999973       0.53960870243068104       0.45449357538904100       0.22283905268238055        96.564200951843375     
   12.599999999999973       0.53718151125746527       0.45715939880329215       0.22500719667428062        96.716918743337587     
   12.699999999999973       0.53471285414017655       0.46000381249803024       0.22721198873157289        96.874222694233652     
   12.799999999999972       0.53217162900923776       0.46299580560735126       0.22947137222608904        97.036349906943911     
   12.899999999999972       0.52955133875775307       0.46607383052062307       0.23178972357757002        97.203525934034303     
   12.999999999999972       0.52686284404298911       0.46909065303097186       0.23416105336433024        97.375570672610706     
   13.099999999999971       0.52413482595045879       0.47182179355381593       0.23656756083519767        97.551537586824779     
   13.199999999999971       0.52141816484676062       0.47400703899912700       0.23897515928820917        97.729499374328455     
   13.299999999999971       0.51881146013961688       0.47539312595474476       0.24131578782434623        97.906353406762193     
   13.399999999999970       0.51641649804735845       0.47579571463096909       0.24351946110183853        98.077877133056106     
   13.499999999999970       0.51428302073124366       0.47516544273131911       0.24555317586087688        98.239556848311537     
   13.599999999999969       0.51240857041157828       0.47356427277365892       0.24741881047106196        98.387541980577737     
   13.699999999999969       0.51073632642568256       0.47111005206519918       0.24915057986417069        98.519251448996101     
   13.799999999999969       0.50915023202812193       0.46794937985495771       0.25081517150798466        98.633771722290390     
   13.899999999999968       0.50755423217950990       0.46426053944039075       0.25246690722583892        98.731861782793956     
   13.999999999999968       0.50592033612434761       0.46027337051174971       0.25412109993310911        98.815303521885312     
   14.099999999999968       0.50424496212972114       0.45624531265274149       0.25577904829038456        98.886488853872592     
   14.199999999999967       0.50253831546896643       0.45243772204809402       0.25743387016574798        98.948199905596439     
   14.299999999999967       0.50082116514687469       0.44911302968099370       0.25907223346542729        99.003443909415381     
   14.399999999999967       0.49912315285186498       0.44651478408913559       0.26067518979840032        99.055310117451057     
   14.499999999999966       0.49746849994832470       0.44481732021474002       0.26222673621372317        99.106780118896154     
   14.599999999999966       0.49586293812130761       0.44410798221642495       0.26372218268536657        99.160590212641594     
   14.699999999999966       0.49430477006392964       0.44439354166757294       0.26516153060780173        99.219126618090911     
   14.799999999999965       0.49279210596584444       0.44556850544760029       0.26654499098638323        99.284196926185260     
   14.899999999999965       0.49132091616269591       0.44740685293795246       0.26787418334114954        99.356739906035401     
   14.999999999999964       0.48988678886863796       0.44961296424821134       0.26915106709641862        99.436672414722082     
   15.099999999999964       0.48848759589127172       0.45187771346875710       0.27037634529605292        99.522946885156699     
   15.199999999999964       0.48712721828424899       0.45391693351692008       0.27154710062367804        99.613698544295929     
   15.299999999999963       0.48581237741269784       0.45550739891637804       0.27265862913176270        99.706504595289630     
   15.399999999999963       0.48454900556184999       0.45651383076147078       0.27370663090289354        99.798735139643199     
   15.499999999999963       0.48334106281378930       0.45686521000026237       0.27468791349365296        99.887864377955054     
   15.599999999999962       0.48218952413243749       0.45653514175506615       0.27560095053663397        99.971642177152475     
   15.699999999999962       0.48109275706637922       0.45554777196931162       0.27644539726178091        100.04822409082271     
   15.799999999999962       0.48006526155244983       0.45399510108310215       0.27721064626586850        100.11624649888491     
   15.899999999999961       0.47913536977940896       0.45204551818611599       0.27787749491361274        100.17481970822762     
   15.999999999999961       0.47832156965176675       0.44990891987095266       0.27843280823292027        100.22363801046778     
   16.099999999999962       0.47762907505400343       0.44780089482051305       0.27887173626865924        100.26307652370951     
   16.199999999999964       0.47704939327820289       0.44592029056486648       0.27919795322733076        100.29412096496200     
   16.299999999999965       0.47655570172086470       0.44442247156034526       0.27942655920655723        100.31832947308173     
   16.399999999999967       0.47612201139202542       0.44339760632817193       0.27957388630192664        100.33762926991575     
   16.499999999999968       0.47573892346793345       0.44289856790663318       0.27964831288322944        100.35397263262384     
   16.599999999999969       0.47540349534215948       0.44296285957455395       0.27965501314838137        100.36915266588738     
   16.699999999999971       0.47511491421632013       0.44360961480722855       0.27959765216884652        100.38477482402628     
   16.799999999999972       0.47487610688821369       0.44483515590044465       0.27947657099414946        100.40215908538372     
   16.899999999999974       0.47469176696980586       0.44661481951316712       0.27928965725901361        100.42232135254623     
   16.999999999999975       0.47459826725505139       0.44890378931959141       0.27901720821314246        100.44583812493855     
   17.099999999999977       0.47466046596721967       0.45163964841599230       0.27862490655953492        100.47252812054245     
   17.199999999999978       0.47492817584377939       0.45474549144877235       0.27808777575419880        100.50152528272015     
   17.299999999999979       0.47543279855906107       0.45813124336889433       0.27739182523731282        100.53152974309444     
   17.399999999999981       0.47618621987250598       0.46169546919446502       0.27653398634408966        100.56097890216897     
   17.499999999999982       0.47717993690773663       0.46533079361215873       0.27552121802305302        100.58824817606848     
   17.599999999999984       0.47840420011910945       0.46892589424552023       0.27436104419099411        100.61175669169468     
   17.699999999999985       0.47987070063534665       0.47236572040218583       0.27305185714928987        100.62982616583500     
   17.799999999999986       0.48159682109027468       0.47553152359266221       0.27159025402371856        100.64058080906440     
   17.899999999999988       0.48359829150890049       0.47830069866169272       0.26997409285974922        100.64197915428898     
   17.999999999999989       0.48589005501288252       0.48054930669667772       0.26820220835802422        100.63181072675181     
   18.099999999999991       0.48848127327894231       0.48215605765439390       0.26627585083163180        100.60780133350164     
   18.199999999999992       0.49144473019083479       0.48301292789236705       0.26417626117934290        100.56746069875504     
   18.299999999999994       0.49490829007619508       0.48304022417745368       0.26187112411529018        100.50759451429670     
   18.399999999999995       0.49893125094700375       0.48219901291691053       0.25935396817488393        100.42467453248639     
   18.499999999999996       0.50347206485454032       0.48049644937929897       0.25664722503914261        100.31574186549523     
   18.599999999999998       0.50839878412308281       0.47798410204300318       0.25379277205164669        100.17916510362240     
   18.699999999999999       0.51347418949452039       0.47474958313873122       0.25085239988265001        100.01525485489810     
   18.800000000000001       0.51849929385758964       0.47090372659408924       0.24787545145782405        99.826359617137456     
   18.900000000000002       0.52341524323355038       0.46656734163162228       0.24487833070653167        99.615692047599879     
   19.000000000000004       0.52821191258361111       0.46186111289329651       0.24186657137521222        99.386502861141409     
   19.100000000000005       0.53289337298264094       0.45689537249344120       0.23884264593667537        99.141855211396020     
   19.200000000000006       0.53748663989404322       0.45176756252800565       0.23580363669712726        98.884506355698917     
   19.300000000000008       0.54201448838207655       0.44656198750590925       0.23274729094273161        98.616836049462265     
   19.400000000000009       0.54671777581315384       0.44135276010749647       0.22962143410096991        98.340292813199042     
   19.500000000000011       0.55204429534053912       0.43620714413313449       0.22633331832866857        98.053492391657102     
   19.600000000000012       0.55827180354712846       0.43118903908745043       0.22283999146731079        97.752788339420974     
   19.700000000000014       0.56542350760674631       0.42636224526134187       0.21915464353989636        97.434404520208460     
   19.800000000000015       0.57329619416356459       0.42179317378796288       0.21532509080916407        97.096201288720863     
   19.900000000000016       0.58147951287623989       0.41755262916747893       0.21142199007591395        96.738915560624903     
   20.000000000000018       0.58940610436035767       0.41371615142989560       0.20753285595774829        96.366957432277800     
   20.100000000000019       0.59655242419050780       0.41036513614676307       0.20374250047131967        95.988246334627547     
   20.200000000000021       0.60259527096219156       0.40758728596674138       0.20011732823270240        95.612585248028893     
   20.300000000000022       0.60742200456551743       0.40547351551464517       0.19670152140746436        95.249903162194798     
   20.400000000000023       0.61114422499314758       0.40411239673755006       0.19350301828274422        94.908697044577139     
   20.500000000000025       0.61410756264765776       0.40358224151798888       0.19047334642807512        94.594602442787107     
   20.600000000000026       0.61680962835106579       0.40394179113281559       0.18751315317764483        94.309272053927117     
   20.700000000000028       0.61949235444227846       0.40522144068490551       0.18457172666344801        94.051263304601420     
   20.800000000000029       0.62214785817259699       0.40741763743730569       0.18165464261303532        93.818892347193412     
   20.900000000000031       0.62478562448651853       0.41049164793784881       0.17876357761885639        93.610711839151051     
   21.000000000000032       0.62740406258484249       0.41437321695895929       0.17590275399119312        93.425340918502059     
   21.100000000000033       0.62999870714404582       0.41896915048038763       0.17307704095230991        93.261408759606638     
   21.200000000000035       0.63256312900310008       0.42417291235132232       0.17029190277501993        93.117511861033165     
   21.300000000000036       0.63506854639155497       0.42987369740599596       0.16755855323877289        92.992258732256701     
   21.400000000000038       0.63745061845803297       0.43596408646245122       0.16489696287907329        92.884529257584731     
   21.500000000000039       0.63964525640098269       0.44234439977514961       0.16232750131213083        92.793570802508142     
   21.600000000000041       0.64160502446195911       0.44892467540091341       0.15986686673303510        92.718878256974079     
   21.700000000000042       0.64329714868885357       0.45562562013253366       0.15752800444357432        92.660072072129509     
   21.800000000000043       0.64470415091354327       0.46237840833540833       0.15531953887522343        92.616794209525295     
   21.900000000000045       0.64581804004115873       0.46912208468744043       0.15324758608203387        92.588632146909902     
   22.000000000000046       0.64657508861988533       0.47580206521859886       0.15133327457044560        92.575292838999943     
   22.100000000000048       0.64688139039903547       0.48236741085546531       0.14960878524311499        92.577054627210885     
   22.200000000000049       0.64669555290894420       0.48876859787955240       0.14809613790867715        92.594513426430112     
   22.300000000000050       0.64602645499702782       0.49495541089166462       0.14680527082607184        92.628146890289031     
   22.400000000000052       0.64493036575694662       0.50087517107494184       0.14573168141167653        92.677960583217370     
   22.500000000000053       0.64351643901424949       0.50647150992429013       0.14485199852226979        92.743173029336930     
   22.600000000000055       0.64188389947165503       0.51168404253144950       0.14414312246992292        92.822128220791001     
   22.700000000000056       0.64006854751795783       0.51644814775012249       0.14360158267277634        92.912783396827663     
   22.800000000000058       0.63808840338768524       0.52069531039255201       0.14322909204832443        93.013109697535995     
   22.900000000000059       0.63597051371805258       0.52435579505521379       0.14302112999966790        93.121044723262614     
   23.000000000000060       0.63374543212674839       0.52736124316036048       0.14296968552135608        93.234474879641766     
   23.100000000000062       0.63144963561910872       0.52965130511276604       0.14306076549436231        93.351187507205907     
   23.200000000000063       0.62911931583662695       0.53117697182935319       0.14327784797259543        93.468889932281925     
   23.300000000000065       0.62676916572752306       0.53190974518085843       0.14361100039633692        93.585369558531951     
   23.400000000000066       0.62440368951226122       0.53184300349478142       0.14405372258387258        93.698673527499551     
   23.500000000000068       0.62202947786099649       0.53099533387393116       0.14459889549848642        93.807165003548619     
   23.600000000000069       0.61965453768996459       0.52941034136524256       0.14524058453201988        93.909547410203828     
   23.700000000000070       0.61728698655197889       0.52715206626838140       0.14597459042246747        94.004868091068104     
   23.800000000000072       0.61495536903856374       0.52429989566927304       0.14678803424139705        94.092467690427085     
   23.900000000000073       0.61279466691750750       0.52094322713731533       0.14762154423589680        94.171469323263167     
   24.000000000000075       0.61096723915474382       0.51717551395647166       0.14840568676850119        94.240125615738449     
   24.100000000000076       0.60954445765886078       0.51309346763118868       0.14911294100957981        94.296403435171413     
   24.200000000000077       0.60851714819553704       0.50880292506182612       0.14974919468306941        94.338745058965131     
   24.300000000000079       0.60779296710485520       0.50441818626197610       0.15034946730345361        94.366652282524711     
   24.400000000000080       0.60719395089268591       0.50005750584143083       0.15097568735536512        94.381161900794950     
   24.500000000000082       0.60647230902963711       0.49584312848585577       0.15171328139052132        94.385203189271834     
   24.600000000000083       0.60540700881677201       0.49190310592191078       0.15264437348946705        94.383486238020026     
   24.700000000000085       0.60387282198291459       0.48837321160002001       0.15382686183103464        94.381666480988883     
   24.800000000000086       0.60183494585374131       0.48539637001731462       0.15529227563847761        94.385493513138982     
   24.900000000000087       0.59934020033865087       0.48311680615963976       0.15704021532648524        94.400150596964025     
   25.000000000000089       0.59652193546299392       0.48166726905356727       0.15902379558232249        94.429655926650611     
   25.100000000000090       0.59349525269514569       0.48114512852822433       0.16119392832513307        94.476596153970291     
   25.200000000000092       0.59028564336796363       0.48157773564285627       0.16354123569962703        94.542785056682177     
   25.300000000000093       0.58690800680340061       0.48290515609136986       0.16606059982665325        94.629544413441792     
   25.400000000000095       0.58339765626518958       0.48497638527545600       0.16873403424898517        94.737392158522169     
   25.500000000000096       0.57980457870592739       0.48757428238581835       0.17153254168638268        94.865768916493749     
   25.600000000000097       0.57619876169156370       0.49046336286656272       0.17441209316170569        95.012936918701584     
   25.700000000000099       0.57264332210626900       0.49342127766950034       0.17732999094123447        95.176099321501638     
   25.800000000000100       0.56915139413490290       0.49626092771259084       0.18027321702798887        95.351937138167244     
   25.900000000000102       0.56571553322342472       0.49885044155592306       0.18324159791033048        95.537203467579587     
   26.000000000000103       0.56233537063237982       0.50112732257040316       0.18623075495243543        95.728939566621975     
   26.100000000000104       0.55901443009716811       0.50309761380725115       0.18923406588927275        95.924605691502933     
   26.200000000000106       0.55575699900799502       0.50483436835157702       0.19224469994574694        96.122208888825142     
   26.300000000000107       0.55259343931608851       0.50647443392836045       0.19523933235527943        96.320337908779237     
   26.400000000000109       0.54960966461694016       0.50822269386609675       0.19815937490687563        96.517878316009387     
   26.500000000000110       0.54689136670674188       0.51033479295974626       0.20094809161396415        96.713875566767015     
   26.600000000000112       0.54447383778829272       0.51306265791183092       0.20358253270721272        96.907885933189320     
   26.700000000000113       0.54234491882611124       0.51658961551124838       0.20606861395182480        97.100187592398981     
   26.800000000000114       0.54044467824180065       0.52097897888464384       0.20843794449921968        97.291719408547422     
   26.900000000000116       0.53864692102072287       0.52615612448405502       0.21075661119879355        97.483987321125227     
   27.000000000000117       0.53679177383803434       0.53195079947791413       0.21311086995192349        97.679049752598004     
   27.100000000000119       0.53477110441345133       0.53816883817553851       0.21556518261645344        97.879130982652910     
   27.200000000000120       0.53255474706467210       0.54464390479837532       0.21814591085129634        98.086039098344955     
   27.300000000000122       0.53018281801441913       0.55125158262925900       0.22083870390486227        98.300750598021494     
   27.400000000000123       0.52777138434617588       0.55790256110272207       0.22357746169885540        98.523058541267105     
   27.500000000000124       0.52542993515092096       0.56453291097170366       0.22629303661608380        98.751477295708028     
   27.600000000000126       0.52318755781009618       0.57109489535341018       0.22896249188719703        98.984030395858568     
   27.700000000000127       0.52104520870944560       0.57754964670475673       0.23157859817664767        99.218854592624211     
   27.800000000000129       0.51900255974572318       0.58386192017178185       0.23413382259100443        99.454271900953486     
   27.900000000000130       0.51705504636109567       0.58999590576627003       0.23662291865459081        99.688799267475417     
   28.000000000000131       0.51519660429820979       0.59591371346053412       0.23904209562995718        99.921121044530025     
   28.100000000000133       0.51344217117029334       0.60157450453023742       0.24137639336171582        100.14998523979017     
   28.200000000000134       0.51182003305733326       0.60692971392945150       0.24360377786696291        100.37399075521415     
   28.300000000000136       0.51034183018814827       0.61191919831536279       0.24571227045858268        100.59161994820288     
   28.400000000000137       0.50900334650032031       0.61647106925480377       0.24769941297719453        100.80136637363584     
   28.500000000000139       0.50778280059373615       0.62050202314871516       0.24957310307583180        101.00183732880483     
   28.600000000000140       0.50664640539471095       0.62392195694136388       0.25134858403186477        101.19183189068092     
   28.700000000000141       0.50556475575092585       0.62664034884336894       0.25303977592191568        101.37033530330092     
   28.800000000000143       0.50452591844359007       0.62857851317107272       0.25465188639409819        101.53639917389748     
   28.900000000000144       0.50353195903892300       0.62968046693056390       0.25618265073951885        101.68905772074909     
   29.000000000000146       0.50260116024162782       0.62992501525851152       0.25762103842474604        101.82730025383886     
   29.100000000000147       0.50176375867942191       0.62933225895545375       0.25894971261269023        101.95009667396049     
   29.200000000000149       0.50111210183091737       0.62796520716801940       0.26011931224124668        102.05626923274309     
   29.300000000000150       0.50077995033140477       0.62592270064760691       0.26106270929461134        102.14411086486379     
   29.400000000000151       0.50086254166281963       0.62333749601209743       0.26173978090835992        102.21166996488022     
   29.500000000000153       0.50140849810237198       0.62034710789244907       0.26213924967634522        102.25725038093643     
   29.600000000000154       0.50241902604964872       0.61714354283675987       0.26227345936070257        102.27984895641933     
   29.700000000000156       0.50384055979861064       0.61350390505487751       0.26217537141901132        102.27908810931970     
   29.800000000000157       0.50556963972739855       0.60800326054362952       0.26189202486408897        102.25253716044232     
   29.900000000000158       0.50749106192031690       0.59995282122451732       0.26146899608552954        102.19473714354542     
   30.000000000000160       0.50949638480725845       0.59055495222046739       0.26094470734174924        102.10345331758073     
   30.100000000000161       0.51147579400219911       0.58088187230217336       0.26035514567236673        101.98190311213585     
   30.200000000000163       0.51331817900882926       0.57129154779667612       0.25973625313418786        101.83581843916976     
   30.300000000000164       0.51490209200737003       0.56184999087781007       0.25912986783313502        101.67135995226472     
   30.400000000000166       0.51611532680754069       0.55256350960293010       0.25858042019418082        101.49459804084000     
   30.500000000000167       0.51689029620148075       0.54343044245678707       0.25812384274741279        101.31122974200940     
   30.600000000000168       0.51720253839866548       0.53444832770255613       0.25778532245912966        101.12631070981230     
   30.700000000000170       0.51709740484196931       0.52561467381428273       0.25756293373274902        100.94397655353931     
   30.800000000000171       0.51674058822141755       0.51692702739010365       0.25739569436393173        100.76680484069556     
   30.900000000000173       0.51646323352653900       0.50838297513254127       0.25713570067043123        100.59491819993021     
   31.000000000000174       0.51662850411371886       0.49998014365044879       0.25662227960362155        100.42542950105425     
   31.100000000000176       0.51745731433959974       0.49171619874772249       0.25577630507514426        100.25363608747628     
   31.200000000000177       0.51901068229322156       0.48358884484305403       0.25459696289035499        100.07464336212180     
   31.300000000000178       0.52119403602141545       0.47559582428641156       0.25313822009417553        99.884656851991622     
   31.400000000000180       0.52373763572105525       0.46773491674285178       0.25149898197362403        99.682045246081188     
   31.500000000000181       0.52642431192400874       0.46000393861638178       0.24975118057603754        99.467585621713269     
   31.600000000000183       0.52922329807770807       0.45240074216926113       0.24790704361251711        99.242739771869836     
   31.700000000000184       0.53212365762643998       0.44492321564190890       0.24597221502561104        99.008793946783442     
   31.800000000000185       0.53509442307751309       0.43756928219884306       0.24395768826272055        98.766968795458510     
   31.900000000000187       0.53809077994467802       0.43033689740415232       0.24187805087958497        98.518537220091943     
   32.000000000000185       0.54105001954252496       0.42322405441534811       0.23975294262722999        98.264972801999591     
   32.100000000000186       0.54390956849915750       0.41622877610669423       0.23760247939240561        98.007951322788998     
   32.200000000000188       0.54665155088660178       0.40934912024027542       0.23543555638637154        97.749177734825551     
   32.300000000000189       0.54928967804903939       0.40258317319855286       0.23325375802841672        97.490049645237903     
   32.400000000000190       0.55183269561347481       0.39592905966834346       0.23106137101972457        97.231594648202659     
   32.500000000000192       0.55428866251699238       0.38938492697413046       0.22886333939683823        96.974659848283537     
   32.600000000000193       0.55666408192189365       0.38294896066749640       0.22666490706109102        96.719859851468314     
   32.700000000000195       0.55896619589172070       0.37661937105654686       0.22447060128476570        96.467686442781556     
   32.800000000000196       0.56118057354825401       0.37039440040890609       0.22229003842370393        96.218544237128370     
   32.900000000000198       0.56321239957414926       0.36427231951273853       0.22015519044664256        95.973171927710595     
   33.000000000000199       0.56493813758936584       0.35825142762253143       0.21810772940392795        95.733092917585964     
   33.100000000000200       0.56627661194327739       0.35233005226513581       0.21617981526505656        95.500338589909973     
   33.200000000000202       0.56717979325287127       0.34650654874593267       0.21439630286745967        95.277080876393200     
   33.300000000000203       0.56763379915910273       0.34077929938679702       0.21277292849120830        95.065355502772704     
   33.400000000000205       0.56765594364284877       0.33514671290680559       0.21131509279824889        94.866850505713685     
   33.500000000000206       0.56729351569539999       0.32960722491897720       0.21001558592551023        94.682700621346825     
   33.600000000000207       0.56657580170263777       0.32415929672915816       0.20887189093430650        94.513525662325492     
   33.700000000000209       0.56550291143226949       0.31880141595514505       0.20789310337769948        94.359771786766188     
   33.800000000000210       0.56407371228503556       0.31353209019038297       0.20708959115980638        94.221836009192714     
   33.900000000000212       0.56228647561595690       0.30834986126404296       0.20647861569468784        94.100091096894019     
   34.000000000000213       0.56013940904022896       0.30325328625042602       0.20608114949177433        93.994909837463140     
   34.100000000000215       0.55763071007508824       0.29824095042337373       0.20592455508332622        93.906682174056073     
   34.200000000000216       0.55475888436818666       0.29331146117197676       0.20603954047890577        93.835824160113063     
   34.300000000000217       0.55151727620558033       0.28846344857379269       0.20646282575834635        93.782799662490831     
   34.400000000000219       0.54789671611982382       0.28369556825448777       0.20723667129829501        93.748175872137097     
   34.500000000000220       0.54389352968654248       0.27900649185422866       0.20840235638361299        93.732584885554104     
   34.600000000000222       0.53951427805691754       0.27439492108170238       0.21000053156684378        93.736651061249589     
   34.700000000000223       0.53476988147360538       0.26985957121911142       0.21207190562267406        93.760969537657573     
   34.800000000000225       0.52967916888666966       0.26539918515589161       0.21465566414866549        93.806026264523396     
   34.900000000000226       0.52426578648147115       0.26101252237197087       0.21778837736574932        93.872211030930458     
   35.000000000000227       0.51854827720705432       0.25669836491939746       0.22151587430079994        93.959804195054829     
   35.100000000000229       0.51253644218528882       0.25245551455556220       0.22590109299141028        94.069121724542441     
   35.200000000000230       0.50624468260070521       0.24828279117195914       0.23100938960616382        94.200557675071906     
   35.300000000000232       0.49969777465467646       0.24417903812957750       0.23689690141709549        94.354473507411811     
   35.400000000000233       0.49292552643800597       0.24014311332544139       0.24361213153502598        94.531166231078117     
   35.500000000000234       0.48596290694506200       0.23617389696201735       0.25118887056256839        94.730767957832356     
   35.600000000000236       0.47884859449761341       0.23227028570975944       0.25964250535205480        94.953228676773278     
   35.700000000000237       0.47161534084846340       0.22843119551985686       0.26898927327369426        95.198293690065398     
   35.800000000000239       0.46428524876244193       0.22465556015588173       0.27926663801430618        95.465661907551834     
   35.900000000000240       0.45687889960135947       0.22094233015342285       0.29051112691437969        95.755072659491901     
   36.000000000000242       0.44941962479506237       0.21729047470263635       0.30273853496194536        96.066241326339551     
   36.100000000000243       0.44193181615908744       0.21369897915419153       0.31594508960203099        96.398793789714063     
   36.200000000000244       0.43444018761149916       0.21016684561598739       0.33010515894249992        96.752213534430538     
   36.300000000000246       0.42696983914579034       0.20669309318240375       0.34516523606584026        97.125773824226059     
   36.400000000000247       0.41953958636123584       0.20327675687090599       0.36108203707824921        97.518563968472805     
   36.500000000000249       0.41216128397724333       0.19991688785173273       0.37783530514681185        97.929646833564419     
   36.600000000000250       0.40484590444813801       0.19661255194491012       0.39539888019189456        98.358111172807313     
   36.700000000000252       0.39760439401005959       0.19336283250617983       0.41373136237830044        98.803021445453652     
   36.800000000000253       0.39044734007745135       0.19016682595844026       0.43278142665676850        99.263398137158561     
   36.900000000000254       0.38338572100783896       0.18702364477074196       0.45247821579141467        99.738166139045703     
   37.000000000000256       0.37642610655414993       0.18393241583515002       0.47277315792627589        100.22617567706523     
   37.100000000000257       0.36956793416117217       0.18089228038370314       0.49367148714277581        100.72640586203394     
   37.200000000000259       0.36281175953475769       0.17790239402247848       0.51516653392471645        101.23804430068689     
   37.300000000000260       0.35616355596963778       0.17496192609757366       0.53719562839779544        101.76028712787513     
   37.400000000000261       0.34963337598855432       0.17207005980505946       0.55964388639307272        102.29213807346547     
   37.500000000000263       0.34323535949929118       0.16922599186278611       0.58233948200798424        102.83224109583908     
   37.600000000000264       0.33698501849710644       0.16642893223949412       0.60508205204909948        103.37877462747386     
   37.700000000000266       0.33088724029394029       0.16367810398690877       0.62777269466992391        103.92966751528219     
   37.800000000000267       0.32493831408836321       0.16097274289205579       0.65039969774693085        104.48309685680660     
   37.900000000000269       0.31913532396903604       0.15831209736995613       0.67294314476876160        105.03753977156096     
   38.000000000000270       0.31347517501337441       0.15569542850083956       0.69538478092301159        105.59171258949065     
   38.100000000000271       0.30795491022101734       0.15312200980319510       0.71770438571117223        106.14451914344342     
   38.200000000000273       0.30257160561272534       0.15059112505872352       0.73988069496663056        106.69500069286107     
   38.300000000000274       0.29732242232843803       0.14810207404128337       0.76189073792547712        107.24234816696071     
   38.400000000000276       0.29220454446973909       0.14565416090084810       0.78371084818222003        107.78580137610614     
   38.500000000000277       0.28721525284325555       0.14324670871415621       0.80531617721293158        108.32471430721456     
   38.600000000000279       0.28235188156250601       0.14087905105557683       0.82668144177425995        108.85848578353109     
   38.700000000000280       0.27761178375904566       0.13855052517292560       0.84778147867931486        109.38653937763812     
   38.800000000000281       0.27299238859242220       0.13626048328085449       0.86859048685090934        109.90835381295582     
   38.900000000000283       0.26849121811632909       0.13400829616236479       0.88908145386657789        110.42344305056785     
   39.000000000000284       0.26410580561203301       0.13179333689580891       0.90922760977240358        110.93132453010612     
   39.100000000000286       0.25983371069956945       0.12961498368370830       0.92900116489940832        111.43152579779881     
   39.200000000000287       0.25567258703987322       0.12747263375361756       0.94837551986216795        111.92359938095983     
   39.300000000000288       0.25162015171941282       0.12536569734598574       0.96732584698153468        112.40711533971196     
   39.400000000000290       0.24767413075744782       0.12329358656680578       0.98582751959870041        112.88164652569675     
   39.500000000000291       0.24383228967797418       0.12125572153436576        1.0038566916735681        113.34677731418078     
   39.600000000000293       0.24009247945540296       0.11925154021940024        1.0213911082123193        113.80211872969724     
   39.700000000000294       0.23645258115461298       0.11728048697394285        1.0384091812329903        114.24729189191696     
   39.800000000000296       0.23291049730146826       0.11534201063757696        1.0548898739049475        114.68192367417252     
   39.900000000000297       0.22946419506434723       0.11343557386202757        1.0708144339838921        115.10566525164666     
   40.000000000000298       0.22611168856879932       0.11156064951602956        1.0861659002709008        115.51818972717908     
   40.100000000000300       0.22285101164149729       0.10971671480447286        1.1009275570861603        115.91917936716835     
   40.200000000000301       0.21968023828828517       0.10790325567078213        1.1150822275232783        116.30833210075816     
   40.300000000000303       0.21659750561145155       0.10611977228613734        1.1286152263617000        116.68537144642882     
   40.400000000000304       0.21360096113639762       0.10436576720195528        1.1415127208443530        117.05002701993372     
   40.500000000000306       0.21068879287545120       0.10264075217108526        1.1537641365466684        117.40204597937581     
   40.600000000000307       0.20785923667661485       0.10094425012868807        1.1653655592423358        117.74122404471402     
   40.700000000000308       0.20511054652622354        9.9275788296390235E-002   1.1763150979300154        118.06737930191952     
   40.800000000000310       0.20244101831720557        9.7634903920217661E-002   1.1866129693973055        118.38038079777746     
   40.900000000000311       0.19984898319904548        9.6021142971577433E-002   1.1962598444020316        118.68013356793301     
   41.000000000000313       0.19733276902381161        9.4434050199922986E-002   1.2052562118835637        118.96654791251215     
   41.100000000000314       0.19489078733640194        9.2873191798011720E-002   1.2136043807408941        119.23960265597871     
   41.200000000000315       0.19252145172992569        9.1338134486114150E-002   1.2213067055009117        119.49927824068909     
   41.300000000000317       0.19022319508387972        8.9828450185407180E-002   1.2283660566131236        119.74556929893244     
   41.400000000000318       0.18799446443681220        8.8343713971447621E-002   1.2347854710566126        119.97848432237343     
   41.500000000000320       0.18583377350266980        8.6883519559056599E-002   1.2405699813670685        120.19807633593953     
   41.600000000000321       0.18373964298043458        8.5447462629442569E-002   1.2457248334824804        120.40440299207634     
   41.700000000000323       0.18171060619569712        8.4035142649021261E-002   1.2502557123260551        120.59753061703238     
   41.800000000000324       0.17974520837223734        8.2646161884960240E-002   1.2541685044877229        120.77753303314768     
   41.900000000000325       0.17784204942594345        8.1280139437160018E-002   1.2574711183923122        120.94452149667919     
   42.000000000000327       0.17599974062224835        7.9936697953812905E-002   1.2601718973505023        121.09861511821866     
   42.100000000000328       0.17421690129026904        7.8615462829226268E-002   1.2622795196670644        121.23993909705682     
   42.200000000000330       0.17249216077244009        7.7316062046086417E-002   1.2638030151580202        121.36862452957483     
   42.300000000000331       0.17082419102073901        7.6038138252658843E-002   1.2647531689665392        121.48483508764505     
   42.400000000000333       0.16921167824474687        7.4781339144367812E-002   1.2651413682631103        121.58874561434855     
   42.500000000000334       0.16765331379795326        7.3545314454747338E-002   1.2649792298676403        121.68053532529409     
   42.600000000000335       0.16614779735973562        7.2329716364144564E-002   1.2642786840933320        121.76038926998059     
   42.700000000000337       0.16469386043357057        7.1134209526950931E-002   1.2630530512226510        121.82851943890944     
   42.800000000000338       0.16329025006528755        6.9958464969889611E-002   1.2613163545978761        121.88515136867110     
   42.900000000000340       0.16193571630015910        6.8802155141457752E-002   1.2590827571226944        121.93051339999381     
   43.000000000000341       0.16062901654045172        6.7664955126982465E-002   1.2563666993107181        121.96484005866206     
   43.100000000000342       0.15936893017950049        6.6546549977680350E-002   1.2531835902179658        121.98838608573733     
   43.200000000000344       0.15815425253441009        6.5446632506462959E-002   1.2495495898446132        122.00142129247004     
   43.300000000000345       0.15698378036809169        6.4364896378046335E-002   1.2454808966693827        122.00421682493031     
   43.400000000000347       0.15585631722003745        6.3301038378513627E-002   1.2409940956325483        121.99705055104282     
   43.500000000000348       0.15477068025868293        6.2254762447326681E-002   1.2361063753887185        121.98021429370245     
   43.600000000000350       0.15372570198402907        6.1225781740799512E-002   1.2308353018906528        121.95401427680746     
   43.700000000000351       0.15272021710298778        6.0213809762234290E-002   1.2251984346483835        121.91875696426405     
   43.800000000000352       0.15175306805400915        5.9218564060136994E-002   1.2192134270737169        121.87475450347628     
   43.900000000000354       0.15082307875626760        5.8239765265679415E-002   1.2128982011484533        121.82232680447011     
   44.000000000000355       0.14992914750483446        5.7277146077908542E-002   1.2062704624188343        121.76180228583651     
   44.100000000000357       0.14907017259478114        5.6330439195871357E-002   1.1993479164311016        121.69350936616647     
   44.200000000000358       0.14824506534280632        5.5399379038609406E-002   1.1921482127184071        121.61777714689688     
   44.300000000000360       0.14745180782435588        5.4483707849834716E-002   1.1846951617724546        121.53495201323879     
   44.400000000000361       0.14669300318083794        5.3583171368235614E-002   1.1769828830645019        121.44534640081804     
   44.500000000000362       0.14595361100969170        5.2697519445907927E-002   1.1691184248273696        121.34939894942949     
   44.600000000000364       0.14532934155770288        5.1826506062077990E-002   1.1605222738794931        121.24684451831486     
   44.700000000000365       0.14493078874030405        5.0969889263155085E-002   1.1505988763520163        121.13410264721620     
   44.800000000000367       0.14476200237760525        5.0127431092513303E-002   1.1394453578332426        121.00754754867127     
   44.900000000000368       0.14484923309021433        4.9298897534365768E-002   1.1270563678250387        120.86421747835909     
   45.000000000000369       0.14521380849774473        4.8484058453591522E-002   1.1134703407395936        120.70159178139377     
   45.100000000000371       0.14588012257950178        4.7682692991230194E-002   1.0987285648770810        120.51757732677143     
   45.200000000000372       0.14687206217221949        4.6894564636945767E-002   1.0828867645034188        120.31045231199084     
   45.300000000000374       0.14821616942188803        4.6120702560231791E-002   1.0660027408805064        120.07882743402561     
   45.400000000000375       0.14992792977171032        4.5390402376410052E-002   1.0481653271002036        119.82167140772120     
   45.500000000000377       0.15206767196411830        4.5680156457539964E-002   1.0293751816010477        119.53908857772532     
   45.600000000000378       0.15439214108400270        4.8145296910852092E-002   1.0101599031064752        119.23798082271200     
   45.700000000000379       0.15664314732144663        5.0022481626830442E-002  0.99099748525524989        118.92279931489689     
   45.800000000000381       0.15886375218101978        5.2077241678792671E-002  0.97182806615824113        118.59598228054462     
   45.900000000000382       0.16104679912834505        5.4203426904754534E-002  0.95267768752447213        118.26026037824620     
   46.000000000000384       0.16319876122636540        5.6536003003155914E-002  0.93354859493392950        117.91801076318971     
   46.100000000000385       0.16532237086565296        5.9158403785947916E-002  0.91444899901241927        117.57151462749565     
   46.200000000000387       0.16742105993032974        6.2183659819152644E-002  0.89538549842085480        117.22297201375767     
   46.300000000000388       0.16949722585712376        6.5728448183296387E-002  0.87636600020614586        116.87456889471304     
   46.400000000000389       0.17155348944000165        6.9907888821670927E-002  0.85739763671670066        116.52849090086261     
   46.500000000000391       0.17358294212182504        7.4811444783105432E-002  0.83850278542764400        116.18691525635387     
   46.600000000000392       0.17555403253224147        8.0484722030386355E-002  0.81974420167114914        115.85211175230904     
   46.700000000000394       0.17742718408138525        8.6917670318836390E-002  0.80119956797080416        115.52648642661728     
   46.800000000000395       0.17917141571020676        9.4041014819653421E-002  0.78293600809852715        115.21233411732703     
   46.900000000000396       0.18076226198686879       0.10173118474881729       0.76501430010928051        114.91159303995407     
   47.000000000000398       0.18218237127266607       0.10982641228780354       0.74748784107101640        114.62569188853922     
   47.100000000000399       0.18342160530551399       0.11814751662593224       0.73040172712671303        114.35546413710065     
   47.200000000000401       0.18447658321569863       0.12651299726837534       0.71379182788226625        114.10117820693596     
   47.300000000000402       0.18535069928996750       0.13474772854756578       0.69768262716161322        113.86254769389355     
   47.400000000000404       0.18605369570326916       0.14268934529819779       0.68208535402344916        113.63878351490452     
   47.500000000000405       0.18660073830372378       0.15019242714941267       0.66699606090698660        113.42867773409014     
   47.600000000000406       0.18701300698907239       0.15714155585373701       0.65239608959466855        113.23062522223668     
   47.700000000000408       0.18731574887395117       0.16346189134960223       0.63826840220493619        113.04279590147875     
   47.800000000000409       0.18754239237321044       0.16913664886462915       0.62457136176633121        112.86325074868408     
   47.900000000000411       0.18772495636502329       0.17422139245381349       0.61125811725181078        112.69013011907104     
   48.000000000000412       0.18804331448581496       0.17883828314495342       0.59789473772118940        112.52099634873956     
   48.100000000000414       0.18882021556928483       0.18315770002447862       0.58378717943029801        112.35050785726159     
   48.200000000000415       0.19033676404044489       0.18738218118120781       0.56859617795645601        112.17122051019945     
   48.300000000000416       0.19279795623467724       0.19173439685150104       0.55233729539907983        111.97565169032805     
   48.400000000000418       0.19628410786144090       0.19644647320073702       0.53525540563187790        111.75796771987615     
   48.500000000000419       0.20091958199321627       0.20174490935440828       0.51753194194839458        111.51439065590621     
   48.600000000000421       0.20696089910568272       0.20782648050492114       0.49925149372677435        111.24152605350810     
   48.700000000000422       0.21466283059098817       0.21482414244764478       0.48052281499101734        110.93572829400776     
   48.800000000000423       0.22423185901646472       0.22277421754122484       0.46147866169923996        110.59313199318353     
   48.900000000000425       0.23591309642273736       0.23160687363033111       0.44222876926231813        110.20950901382442     
   49.000000000000426       0.25000628317004869       0.24117089368750641       0.42286055239530340        109.77937863807311     
   49.100000000000428       0.26656060785441466       0.25127845594750892       0.40349059520878977        109.29669775942173     
   49.200000000000429       0.28527305344985121       0.26174398515527930       0.38424458759348984        108.75721527635501     
   49.300000000000431       0.30560594487376702       0.27241290035783228       0.36522916226937557        108.16016754345627     
   49.400000000000432       0.32714831611443862       0.28316900510491305       0.34650732654059446        107.50812818247543     
   49.500000000000433       0.34964407382478302       0.29392699537587652       0.32811317261881751        106.80501332919455     
   49.600000000000435       0.37276404149509296       0.30462462578515020       0.31007814321157889        106.05583515814584     
   49.700000000000436       0.39614890319260521       0.31521549788178521       0.29242861718689556        105.26691158013757     
   49.800000000000438       0.41945589841156550       0.32566442688396691       0.27518447258915679        104.44574732787498     
   49.900000000000439       0.44250846051684950       0.33594340085692992       0.25835132945459571        103.60020844818239     
   50.000000000000441       0.46526034636520358       0.34602993224987244       0.24192422690935947        102.73724589878232     
   50.100000000000442       0.48765362091387654       0.35590615898143274       0.22589772783863307        101.86282288667040     
   50.200000000000443       0.50962501495750567       0.36555982642892704       0.21026567043742309        100.98213426669045     
   50.300000000000445       0.53110183513838505       0.37498104679106115       0.19502182083440545        100.09984038246948     
   50.400000000000446       0.55200829902895587       0.38415926475867890       0.18015977047198639        99.220208202430172     
   50.500000000000448       0.57228402925859634       0.39308318842024476       0.16567219829434035        98.347120832720350     
   50.600000000000449       0.59189038938181016       0.40174079241173827       0.15155082238708170        97.484030977056321     
   50.700000000000450       0.61081123930109904       0.41011942140245866       0.13778641737662226        96.633884939277991     
   50.800000000000452       0.62905816980635632       0.41820603646164456       0.12436871357444665        95.799004482226934     
   50.900000000000453       0.64667330421570024       0.42598760479757225       0.11128629580605738        94.981067043344297     
   51.000000000000455       0.66372902284241553       0.43345159743487349        9.8530016326507971E-002   94.180971755982554     
   51.100000000000456       0.68037463794163322       0.44058665955115478        8.6100461808165246E-002   93.398709759041992     
   51.200000000000458       0.69690706315031292       0.44738337272892836        7.4000563913161232E-002   92.632749927459827     
   51.300000000000459       0.71358316458775928       0.45383513707452433        6.2240003344257354E-002   91.879819333919414     
   51.400000000000460       0.73047038141933451       0.45993905945586383        5.0838172525251350E-002   91.136239809989533     
   51.500000000000462       0.74751374073683752       0.46569686089320050        3.9816603817223926E-002   90.399069438699556     
   51.600000000000463       0.76459176993008071       0.47111573220684255        2.9197790886452312E-002   89.666610915949420     
   51.700000000000465       0.78156361216302228       0.47620858911344705        1.9002772689027808E-002   88.938442983204638     
   51.800000000000466       0.79827801708421542       0.48099567309146790        9.2499242999068282E-003   88.215350583530892     
   51.900000000000468       0.81461371150873640       0.48550261732998873       -4.7065016228719538E-005   87.499013881528867     
   52.000000000000469       0.83052889417821529       0.48978470249603606       -8.8813049546754737E-003   86.791513186473580     
   52.100000000000470       0.84602602539538574       0.49395023454007470       -1.7250847051921363E-002   86.094922820167909     
   52.200000000000472       0.86110934624641167       0.49814384057434574       -2.5156797375678351E-002   85.411348920198478     
   52.300000000000473       0.87579180536344448       0.50251767545177040       -3.2603634719960445E-002   84.742948525722085     
   52.400000000000475       0.89009296277567196       0.50720040640383646       -3.9598293545477163E-002   84.091832285265212     
   52.500000000000476       0.90404012307650539       0.51227166926022916       -4.6149263624281338E-002   83.459896042226745     
   52.600000000000477       0.91765579222542948       0.51774723752845964       -5.2265579803709411E-002   82.848641368262250     
   52.700000000000479       0.93095102670394081       0.52358317674706367       -5.7956322551553273E-002   82.259110238180043     
   52.800000000000480       0.94393426779426426       0.52970709668070104       -6.3230989035221383E-002   81.691868750172063     
   52.900000000000482       0.95661325347632609       0.53604879711561215       -6.8099375242129639E-002   81.147034480439189     
   53.000000000000483       0.96899482904158052       0.54253594279549577       -7.2571214123032482E-002   80.624419515900129     
   53.100000000000485       0.98108452967411508       0.54909568427948430       -7.6656030903985359E-002   80.123527285241963     
   53.200000000000486       0.99288704245276327       0.55566218550442481       -8.0363190578644078E-002   79.643681176111912     
   53.300000000000487        1.0044057878925778       0.56218180776424476       -8.3701818245230666E-002   79.184057153820277     
   53.400000000000489        1.0156379740558996       0.56860841867486378       -8.6680550226592573E-002   78.743790996125071     
   53.500000000000490        1.0265767543175481       0.57490316038356137       -8.9307599733081097E-002   78.322046052807806     
   53.600000000000492        1.0372181474328421       0.58103214166258998       -9.1591165574429340E-002   77.918024889254639     
   53.700000000000493        1.0475615694865210       0.58697097108431751       -9.3539403077303254E-002   77.530971447970870     
   53.800000000000495        1.0576089709824690       0.59269916420092095       -9.5160418156586032E-002   77.160160360745053     
   53.900000000000496        1.0673655391392136       0.59819536979864851       -9.6462218571621447E-002   76.804879594318692     
   54.000000000000497        1.0768395607704400       0.60343681559027862       -9.7452745664387858E-002   76.464410807648321     
   54.100000000000499        1.0860407762500555       0.60839963207875980       -9.8139969127438928E-002   76.137986434154314     
   54.200000000000500        1.0949775321225494       0.61306007595736911       -9.8531808594190723E-002   75.824826219163100     
   54.300000000000502        1.1036546249767412       0.61739596498978078       -9.8636116824928649E-002   75.524140993694601     
   54.400000000000503        1.1120772773258201       0.62138911849014056       -9.8461177964897922E-002   75.235162796908838     
   54.500000000000504        1.1202506161109222       0.62502674864552521       -9.8015711772173525E-002   74.957146245742138     
   54.600000000000506        1.1281796922680269       0.62830519548131514       -9.7309019051027387E-002   74.689395150801289     
   54.700000000000507        1.1358696439718086       0.63123182565051350       -9.6350918072897737E-002   74.431280032162817     
   54.800000000000509        1.1433244272934351       0.63382560856367443       -9.5151630338619342E-002   74.182264577803835     
   54.900000000000510        1.1505464227890867       0.63613040313619984       -9.3721686812029206E-002   73.941961162909465     
   55.000000000000512        1.1575394685492963       0.63822816552884620       -9.2071947605932444E-002   73.710205022459107     
   55.100000000000513        1.1643101080383673       0.64023396126950760       -9.0213544100461396E-002   73.487124332658198     
   55.200000000000514        1.1708673450345037       0.64227912541914534       -8.8157783074986340E-002   73.273148300299283     
   55.300000000000516        1.1772227142749103       0.64448871467191804       -8.5916066270464553E-002   73.068962998634589     
   55.400000000000517        1.1833900130078445       0.64696644388411295       -8.3499829628309138E-002   72.875382204810847     
   55.500000000000519        1.1893834572127575       0.64977417131822301       -8.0920363248563484E-002   72.693219613083613     
   55.600000000000520        1.1952145374388157       0.65292798771630445       -7.8188605007869699E-002   72.523148285926453     
   55.700000000000522        1.2008916632623574       0.65640045794341451       -7.5315102602913991E-002   72.365593841689517     
   55.800000000000523        1.2064209933420638       0.66014418178036383       -7.2310063732268240E-002   72.220698971160374     
   55.900000000000524        1.2118062094116433       0.66410287625728470       -6.9183306704651365E-002   72.088332136893968     
   56.000000000000526        1.2170485602254668       0.66821297696353232       -6.5944280235634561E-002   71.968147842033559     
   56.100000000000527        1.2221469611204967       0.67241115776032290       -6.2602062953108578E-002   71.859621806771770     
   56.200000000000529        1.2270980169526025       0.67664085768025672       -5.9165355265555407E-002   71.762105803026927     
   56.300000000000530        1.2318943761965313       0.68085339097365472       -5.5642369137530491E-002   71.674910775112210     
   56.400000000000531        1.2365149161435998       0.68500569989027815       -5.2040270563423772E-002   71.597377579041932     
   56.500000000000533        1.2409346095572626       0.68906234386611820       -4.8365677960716377E-002   71.528995329244893     
   56.600000000000534        1.2451370658346097       0.69299342689825749       -4.4625537721853945E-002   71.469343573063114     
   56.700000000000536        1.2491182721421872       0.69677967327876245       -4.0827303601898672E-002   71.418044158009423     
   56.800000000000537        1.2528842979249220       0.70040552583401283       -3.6978889833106501E-002   71.374705365648495     
   56.900000000000539        1.2564551641549904       0.70385508996816526       -3.3088911838621990E-002   71.338831360244725     
   57.000000000000540        1.2598634582139143       0.70711197537661985       -2.9166665522560566E-002   71.309769302466734     
   57.100000000000541        1.2631557471939929       0.71015938465654316       -2.5222237961693102E-002   71.286625734815658     
   57.200000000000543        1.2663700504700879       0.71298054949319767       -2.1265062641540277E-002   71.268284566905038     
   57.300000000000544        1.2695259222980326       0.71555915854987029       -1.7303253420781980E-002   71.253570715945600     
   57.400000000000546        1.2726359367223108       0.71788038676794741       -1.3344286574829280E-002   71.241346901026319     
   57.500000000000547        1.2757080035009090       0.71993075628147574       -9.3951972739232115E-003   71.230523125512448     
   57.600000000000549        1.2787431112515437       0.72170113081933840       -5.4622982472806282E-003   71.220156201253232     
   57.700000000000550        1.2817384996476082       0.72318546708142850       -1.5514923527429839E-003   71.209404737959261     
   57.800000000000551        1.2846854397324703       0.72438326936329334        2.3319625313536936E-003   71.197602011131437     
   57.900000000000553        1.2875739593937505       0.72530056930737064        6.1831606132758937E-003   71.184263689588150     
   58.000000000000554        1.2903663180950100       0.72594975127279315        9.9992206963859208E-003   71.169132894718203     
   58.100000000000556        1.2929823107835412       0.72635123360623666        1.3780358894241569E-002   71.152471411162850     
   58.200000000000557        1.2953403756079802       0.72653388235554295        1.7527376577260237E-002   71.135132543829556     
   58.300000000000558        1.2973781947131686       0.72655784468218332        2.1240393621720692E-002   71.118433556632468     
   58.400000000000560        1.2990519921624022       0.72652789033986687        2.4918858902460712E-002   71.104079121812617     
   58.500000000000561        1.3003421174146079       0.72657682186718486        2.8561101514643771E-002   71.094075356859861     
   58.600000000000563        1.3012601267132502       0.72684372526263485        3.2163685447118041E-002   71.090541250174198     
   58.700000000000564        1.3018553166818956       0.72744902574732873        3.5720700474251875E-002   71.095424659704676     
   58.800000000000566        1.3022186127761397       0.72847490949812965        3.9223222434939656E-002   71.110167357862764     
   58.900000000000567        1.3024164128278681       0.72995177411958700        4.2663959038766193E-002   71.135526317110717     
   59.000000000000568        1.3024611550020673       0.73185401550640505        4.6039603978477776E-002   71.171884699307299     
   59.100000000000570        1.3023643165368415       0.73412403332268739        4.9347105983835710E-002   71.219328418736623     
   59.200000000000571        1.3021404654158475       0.73669810081469833        5.2583355451822883E-002   71.277635118484540     
   59.300000000000573        1.3018072876673408       0.73950461824966451        5.5745167988605383E-002   71.346268658500605     
   59.400000000000574        1.3013848791326237       0.74246784507991559        5.8829298256614933E-002   71.424419473358341     
   59.500000000000576        1.3008961272319228       0.74551785245370761        6.1832390818289250E-002   71.511023547688964     
   59.600000000000577        1.3003677426313267       0.74859385771643938        6.4750890075866582E-002   71.604814733501726     
   59.700000000000578        1.2998175754119179       0.75164354870100425        6.7582023214551368E-002   71.704406336880524     
   59.800000000000580        1.2992468273015312       0.75462185250096947        7.0324452872314244E-002   71.808439758403154     
   59.900000000000581        1.2986545959825049       0.75748981158447459        7.2977189543147331E-002   71.915660606438266     
   60.000000000000583        1.2980424508877142       0.76021837400967562        7.5539285788196589E-002   72.024931563957793     
   60.100000000000584        1.2974134739371890       0.76278545794175101        7.8009879550195879E-002   72.135210310783251     
   60.200000000000585        1.2967715722882225       0.76516903118430546        8.0388303815754722E-002   72.245556060691385     
   60.300000000000587        1.2961223522278782       0.76734589771267947        8.2673933181939802E-002   72.355081779464129     
   60.400000000000588        1.2954718376488354       0.76929191476247216        8.4866298740399304E-002   72.462954727215859     
   60.500000000000590        1.2948939150048426       0.77098269658023266        8.6959806135548989E-002   72.568178255755541     
   60.600000000000591        1.2945050205255118       0.77239454429420951        8.8945639757351549E-002   72.669126543021122     
   60.700000000000593        1.2943739349996133       0.77350580024134397        9.0818818550527980E-002   72.763744023358981     
   60.800000000000594        1.2945224443381846       0.77429841490735918        9.2578120283556706E-002   72.849984601918408     
   60.900000000000595        1.2949307094666269       0.77475961685850936        9.4225559304394579E-002   72.926116557987399     
   61.000000000000597        1.2955434329944402       0.77488404571048242        9.5765797970571456E-002   72.990972051856389     
   61.100000000000598        1.2962762519349165       0.77467521040569942        9.7205563880076506E-002   73.044075115630505     
   61.200000000000600        1.2970183013524499       0.77414716189722244        9.8553478558273899E-002   73.085740934903029     
   61.300000000000601        1.2976535037987704       0.77332351608126559        9.9818673286946477E-002   73.117079853029566     
   61.400000000000603        1.2980902095696980       0.77224842397076876       0.10100887349370699        73.139861994611437     
   61.500000000000604        1.2982591783342796       0.77101150554867259       0.10213053505111880        73.156271217595844     
   61.600000000000605        1.2981174351966520       0.76976084294161928       0.10318859732211695        73.168902094546397     
   61.700000000000607        1.2976500896183332       0.76867177136426545       0.10418624538699746        73.180624845615412     
   61.800000000000608        1.2968746732979359       0.76791561053647517       0.10512443698515540        73.194366576485095     
   61.900000000000610        1.2958435033515570       0.76763032298390577       0.10600149694074154        73.212818302822882     
   62.000000000000611        1.2946424747654002       0.76789002924488770       0.10681285402851901        73.238032902967376     
   62.100000000000612        1.2933269644968832       0.76869579820622069       0.10755609639418166        73.271302567256001     
   62.200000000000614        1.2919113790304957       0.76998321365551592       0.10823203764695478        73.313371201658427     
   62.300000000000615        1.2904081105168861       0.77165436820882638       0.10884168333117315        73.364480276627617     
   62.400000000000617        1.2888258172796356       0.77360403213584750       0.10938637882696854        73.424442165095698     
   62.500000000000618        1.2871688055551278       0.77572267906667836       0.10986789825271934        73.492668514280695     
   62.600000000000620        1.2854382192718343       0.77790124114252546       0.11028833982828093        73.568347056767124     
   62.700000000000621        1.2836324822336560       0.78003932550944632       0.11065012784300600        73.650443421387422     
   62.800000000000622        1.2817473277817890       0.78204051710808320       0.11095596416309242        73.737828493345759     
   62.900000000000624        1.2797725374941546       0.78381757880333647       0.11120913219890909        73.829326745433605     
   63.000000000000625        1.2776998556018841       0.78529573185383161       0.11141280866260604        73.923783044982343     
   63.100000000000627        1.2755326427336571       0.78643087925811517       0.11156920997476999        74.020078386931800     
   63.200000000000628        1.2732844708672684       0.78722594886451169       0.11167964479997414        74.117172604701921     
   63.300000000000630        1.2709785931738435       0.78774146595513905       0.11174450573417974        74.214202036427224     
   63.400000000000631        1.2686500298820604       0.78808547405475160       0.11176303212554560        74.310549070172570     
   63.500000000000632        1.2663318024681050       0.78839190630588252       0.11173457561891091        74.405890046344723     
   63.600000000000634        1.2641266137386227       0.78879048303251864       0.11165226342279781        74.500000918672370     
   63.700000000000635        1.2622485276418507       0.78937903806113208       0.11149930130376219        74.591947997738487     
   63.800000000000637        1.2608799689794921       0.79020416710295527       0.11126227307202975        74.679741938980229     
   63.900000000000638        1.2600976988430879       0.79126238390688020       0.11093763306251955        74.760957443064584     
   64.000000000000639        1.2598951173671382       0.79251353673959468       0.11052902897270593        74.833315351500502     
   64.100000000000634        1.2601986671755592       0.79390005200588787       0.11004517710412255        74.895085007053211     
   64.200000000000628        1.2608845977042449       0.79536055699764863       0.10949803964236363        74.945362033700405     
   64.300000000000622        1.2617951935993439       0.79683553583222066       0.10890148600136189        74.984161371248874     
   64.400000000000617        1.2627140470525551       0.79827132494432018       0.10827331204645178        75.012606114162963     
   64.500000000000611        1.2633207904192427       0.79962334715408134       0.10763936365067076        75.033290302825137     
   64.600000000000605        1.2632768545974269       0.80086135981318751       0.10702876140237548        75.050581998621112     
   64.700000000000600        1.2623182486486797       0.80197502824326239       0.10646834961794198        75.070074444267220     
   64.800000000000594        1.2602683389899652       0.80297760229669346       0.10598209324632281        75.097909482235067     
   64.900000000000588        1.2570927314278808       0.80390205967072248       0.10558503564570212        75.139974485889738     
   65.000000000000583        1.2529517774083012       0.80479297840563091       0.10527410923478168        75.200830810000127     
   65.100000000000577        1.2482555272170779       0.80569851152387695       0.10501574919001229        75.282406172596822     
   65.200000000000571        1.2435126260805820       0.80666153177162303       0.10475848714025725        75.383036691966026     
   65.300000000000566        1.2389366254907126       0.80771155635183467       0.10448006315680614        75.498820532578165     
   65.400000000000560        1.2345268639055464       0.80886109267768613       0.10418168825423169        75.626153618033285     
   65.500000000000554        1.2302982812377705       0.81010744039677651       0.10386280532562363        75.762043417856162     
   65.600000000000549        1.2262490125904730       0.81143452188114029       0.10352466146760468        75.903980087154608     
   65.700000000000543        1.2223699823543761       0.81281641809120508       0.10316925336596054        76.049858705507177     
   65.800000000000537        1.2186423482365327       0.81422058099703232       0.10279959935214988        76.197983914036683     
   65.900000000000531        1.2150399018237414       0.81561112387952239       0.10241948034749167        76.346996633731194     
   66.000000000000526        1.2115279759776807       0.81694969678139573       0.10203357048592981        76.495885346591081     
   66.100000000000520        1.2080680189053550       0.81819620677326677       0.10164699815704428        76.643957733843706     
   66.200000000000514        1.2046264599778453       0.81930928674467096       0.10126443095661736        76.790762100461876     
   66.300000000000509        1.2011804928776608       0.82024773152515740       0.10088947388656248        76.936001285417021     
   66.400000000000503        1.1977169861509707       0.82097132899484659       0.10052476426623237        77.079415422390682     
   66.500000000000497        1.1942317086577019       0.82143891665564761       0.10017202209068911        77.220733566130349     
   66.600000000000492        1.1907307742427131       0.82160685375307962        9.9831909825606066E-002   77.359568391367176     
   66.700000000000486        1.1872304102522022       0.82143034563178696        9.9504155575296876E-002   77.495410864024976     
   66.800000000000480        1.1837468138802680       0.82086525092956253        9.9188853593530663E-002   77.627549510300966     
   66.900000000000475        1.1802854683012955       0.81986867934386576        9.8887429718898384E-002   77.755202611457747     
   67.000000000000469        1.1768459882075823       0.81840526261803082        9.8601940121873635E-002   77.877597523076531     
   67.100000000000463        1.1734298305857169       0.81644516096070807        9.8334132138697350E-002   77.993985743048398     
   67.200000000000458        1.1700403127613908       0.81397315655487879        9.8085210407294121E-002   78.103680696299818     
   67.300000000000452        1.1666820153504578       0.81098565634470943        9.7855963955387162E-002   78.206056216843834     
   67.400000000000446        1.1633619560280812       0.80749630882717449        9.7646462821310634E-002   78.300585705851361     
   67.500000000000441        1.1600842380919028       0.80353390355011745        9.7456613739163048E-002   78.386867756667542     
   67.600000000000435        1.1568888451118327       0.79914344738753418        9.7281376409863396E-002   78.464582138819921     
   67.700000000000429        1.1539002552851125       0.79438347350695171        9.7105060772274890E-002   78.533054288364610     
   67.800000000000423        1.1512495412716561       0.78932532540691347        9.6910656749618018E-002   78.590966128860359     
   67.900000000000418        1.1490051570577526       0.78405242381578311        9.6688215630336236E-002   78.636804504374325     
   68.000000000000412        1.1471851120959373       0.77865706363843001        9.6433539830410184E-002   78.669323807721113     
   68.100000000000406        1.1457602297095255       0.77323638479521428        9.6147971903858626E-002   78.687843408440330     
   68.200000000000401        1.1446567393857565       0.76788937272160140        9.5838470576095958E-002   78.692521748742820     
   68.300000000000395        1.1437637053557357       0.76271427608552134        9.5516456013372580E-002   78.684452071174718     
   68.400000000000389        1.1429240683634778       0.75780653095776707        9.5198049470838361E-002   78.665756156385882     
   68.500000000000384        1.1419367212809115       0.75325573080515373        9.4904209969266531E-002   78.639783754892548     
   68.600000000000378        1.1406248932610015       0.74914229074363037        9.4654606400152178E-002   78.610908084513881     
   68.700000000000372        1.1388737812596146       0.74553354789437820        9.4463991654012244E-002   78.583962108362059     
   68.800000000000367        1.1366297772630536       0.74247797093442347        9.4341886424500102E-002   78.563697907557881     
   68.900000000000361        1.1339075292135370       0.73999915028394792        9.4290776050464126E-002   78.554262999430847     
   69.000000000000355        1.1307948601132374       0.73809456833089426        9.4304068365130916E-002   78.558735307051847     
   69.100000000000350        1.1274566038675782       0.73673750998853627        9.4364158263810533E-002   78.578700232195004     
   69.200000000000344        1.1241194240995596       0.73588050916011627        9.4443617861439996E-002   78.613925557552321     
   69.300000000000338        1.1209380927220713       0.73545980870052519        9.4522675175514936E-002   78.662597670724509     
   69.400000000000333        1.1179625403217264       0.73539977953294755        9.4594435073632743E-002   78.722358396162477     
   69.500000000000327        1.1152212347032897       0.73561759890669021        9.4654652835243824E-002   78.790744603749758     
   69.600000000000321        1.1127186518463550       0.73602816683401440        9.4702044146783265E-002   78.865347151123288     
   69.700000000000315        1.1104383426230808       0.73654666785919143        9.4737868497222641E-002   78.943947453648647     
   69.800000000000310        1.1083421879403006       0.73708971664157463        9.4765959375729819E-002   79.024657293599915     
   69.900000000000304        1.1063744990653386       0.73757511809042331        9.4792204039514355E-002   79.105978941504176     
   70.000000000000298        1.1044500291886086       0.73792139958285774        9.4825965963811390E-002   79.186877383850032     
   70.100000000000293        1.1024290719523444       0.73804777641088326        9.4883359152465499E-002   79.267066035090124     
   70.200000000000287        1.1001758270192876       0.73787519171549876        9.4980955586729365E-002   79.347034719198561     
   70.300000000000281        1.0976027694651236       0.73732929570580974        9.5130769482117225E-002   79.427717263289921     
   70.400000000000276        1.0946660348731767       0.73634540076709953        9.5340473888207641E-002   79.510114882375959     
   70.500000000000270        1.0913708925535044       0.73487513138080207        9.5612026188484897E-002   79.594991139005955     
   70.600000000000264        1.0877715367651442       0.73289122747980728        9.5940706854635238E-002   79.682639919041719     
   70.700000000000259        1.0839748550307828       0.73039116732474796        9.6313801563225984E-002   79.772693493307543     
   70.800000000000253        1.0801120427493747       0.72740022178400043        9.6714122970217642E-002   79.864003187575989     
   70.900000000000247        1.0762514480560419       0.72397155879672948        9.7132750047437558E-002   79.955026046723631     
   71.000000000000242        1.0724126358813206       0.72017797417927754        9.7567635264806024E-002   80.044445310456098     
   71.100000000000236        1.0686108088585631       0.71610350679166512        9.8017273563482943E-002   80.131345953828315     
   71.200000000000230        1.0648516095613083       0.71183771676283714        9.8481403348619614E-002   80.215169307115062     
   71.300000000000225        1.0611323601731959       0.70747226568923238        9.8960740648776538E-002   80.295770031716231     
   71.400000000000219        1.0574390977747115       0.70309744438246680        9.9457380562447767E-002   80.373390317745788     
   71.500000000000213        1.0537555634005356       0.69880000067336168        9.9973405582949329E-002   80.448608493937982     
   71.600000000000207        1.0499103472946207       0.69466076090582762       0.10053431698637638        80.522734915851231     
   71.700000000000202        1.0456105706987673       0.69075256258579276       0.10118738067650927        80.598937722527623     
   71.800000000000196        1.0406631043783199       0.68713773011825940       0.10197076092262729        80.681817074856482     
   71.900000000000190        1.0350004710531240       0.68386553464330768       0.10290771422613555        80.776275548956704     
   72.000000000000185        1.0286871948530607       0.68097507173142657       0.10399985093836119        80.886508979734216     
   72.100000000000179        1.0219189768818941       0.67849878493984372       0.10521925928900869        81.015152443575417     
   72.200000000000173        1.0150292907316787       0.67646165632504707       0.10650012592970569        81.162532641932017     
   72.300000000000168        1.0083998208506562       0.67488074201026638       0.10775851132467545        81.326274145160056     
   72.400000000000162        1.0023136057049800       0.67376451392178871       0.10893206556026905        81.501982879358209     
   72.500000000000156       0.99693540646668233       0.67311293154991358       0.10998799793183844        81.684476412705308     
   72.600000000000151       0.99232723818093904       0.67291749411486335       0.11091789428449292        81.868692832398779     
   72.700000000000145       0.98844967359765645       0.67316191111614976       0.11173324056487141        82.050394072474134     
   72.800000000000139       0.98517228326046324       0.67382304929701831       0.11245975144163292        82.226681051876227     
   72.900000000000134       0.98226550439488547       0.67487216398258310       0.11313675860810479        82.396401331332612     
   73.000000000000128       0.97951078279476056       0.67627628427995357       0.11379961289089470        82.560239880882961     
   73.100000000000122       0.97684442548282513       0.67799962645414424       0.11445789969485230        82.719642561083575     
   73.200000000000117       0.97426978021681698       0.68000494665014777       0.11510996290509810        82.875793477522535     
   73.300000000000111       0.97178174256827876       0.68225469113176374       0.11575516411792378        83.029536604362775     
   73.400000000000105       0.96937739344154161       0.68471189672323751       0.11639229898929349        83.181467057829863     
   73.500000000000099       0.96705205589039855       0.68734089586319169       0.11702033798674982        83.331971813716578     
   73.600000000000094       0.96480459871846691       0.69010763382427387       0.11763772652858200        83.481269143468509     
   73.700000000000088       0.96260146803489888       0.69297992890177396       0.11824833455360741        83.629503989168938     
   73.800000000000082       0.96032291514738710       0.69592667167371725       0.11887064841224505        83.777247880831126     
   73.900000000000077       0.95784159512762912       0.69891433628539479       0.11952596499681899        83.925821243952981     
   74.000000000000071       0.95509037034875366       0.70190568136673459       0.12022734951224118        84.076879575289510     
   74.100000000000065       0.95205377752920639       0.70486088595424545       0.12098015645369470        84.231944539825406     
   74.200000000000060       0.94877022011360634       0.70773727712311474       0.12178033989808609        84.392046072641705     
   74.300000000000054       0.94533013084623285       0.71048894374236082       0.12261339233068985        84.557422401786809     
   74.400000000000048       0.94187291695246833       0.71306362289323388       0.12345394369099065        84.727255507525257     
   74.500000000000043       0.93847570488493604       0.71540826029849958       0.12428699266977143        84.899829354314988     
   74.600000000000037       0.93513058814746852       0.71744004665861250       0.12511309316692965        85.073345228802125     
   74.700000000000031       0.93184462886553954       0.71921755228991568       0.12592903103949327        85.246244593552063     
   74.800000000000026       0.92862453467181638       0.72082053348811348       0.12673055691024246        85.417527563917275     
   74.900000000000020       0.92546532354848665       0.72220828387380398       0.12751490283230754        85.586365601278843     
   75.000000000000014       0.92235978298094057       0.72330872238395183       0.12827944325336596        85.751934678170187     
   75.000000000000028       0.92235978298094012       0.72330872238395194       0.12827944325336607        85.751934678170215     
