   0.0000000000000000       0.70982179558514835       0.59616100984058962       0.22886388364141208        92.087048540206197     
   1.0000000000000000E-004  0.70981599999784473       0.59616100984020337       0.22886415332440563        92.087386770355451     
   9.0000000000000008E-004  0.70976964041296953       0.59616100955970919       0.22886631079607603        92.090091737940483     
   7.3000000000000001E-003  0.70939908400453433       0.59616086306392346       0.22888357458573480        92.111675772211768     
   5.5691110324364329E-002  0.70661318395171258       0.59610609594159714       0.22901560044506158        92.271736487055648     
  0.10408222064872866       0.70385055734264645       0.59586919412897321       0.22915267329942596        92.426376562647050     
  0.15228847534845236       0.70112106540637242       0.59544584368308417       0.22929440942073992        92.575138707073975     
  0.22037216270639817       0.69730807209686130       0.59460866975560001       0.22950127820466767        92.776529360666913     
  0.28845585006434399       0.69354399351854490       0.59350280692002633       0.22971574096852426        92.968137650522081     
  0.37225190325567026       0.68897643136912246       0.59176226370152130       0.22999056736773590        93.191121103423725     
  0.44280862543115262       0.68518762795844201       0.59002355156347663       0.23023006906832627        93.368368996665822     
  0.50301040643251693       0.68199716330101467       0.58836754619360976       0.23043936359285663        93.512401803400067     
  0.55697655142438485       0.67916640727169286       0.58664574197394270       0.23063265463903465        93.636036106944758     
  0.61094269641625276       0.67636073066460467       0.58461823595667628       0.23083250685104989        93.754419689245438     
  0.66490884140812068       0.67358303849897139       0.58231598850196531       0.23103720162731989        93.867447633206552     
  0.74481055194913026       0.66953013412222673       0.57851103054439701       0.23134425654937443        94.024941121287497     
  0.85191847907277374       0.66422199719357478       0.57281386420931180       0.23175513095415468        94.217921122651020     
   1.0248447960974265       0.65599898640266119       0.56267820477463659       0.23238731807440305        94.487868171476023     
   1.1563646971479897       0.65007142068959900       0.55458486301798815       0.23281617614727879        94.661726029450918     
   1.2516167172281980       0.64603807272272196       0.54867804143803922       0.23305236913719535        94.772164040774427     
   1.3854984044335765       0.64091604022558579       0.54047932740833093       0.23318646872956947        94.905995321834766     
   1.5008198663136114       0.63710436736398002       0.53364490516865448       0.23307681973843208        95.000964994198753     
   1.6161413281936463       0.63385583932172584       0.52713732711988870       0.23276040553742600        95.076996043049903     
   1.7314627900736812       0.63109794855095203       0.52105727373802035       0.23227260420984797        95.134725396122406     
   1.8838899822092168       0.62802388725795921       0.51382671652392620       0.23144220186201797        95.186103192207298     
   2.0137358433419905       0.62586852279486793       0.50851337070260116       0.23058802592721572        95.211348749728785     
   2.2197058680254447       0.62321437514303912       0.50190495008852887       0.22899611089044719        95.225259708534225     
   2.3810989057889249       0.62162586317901958       0.49838683668645706       0.22760292931523254        95.221649558859454     
   2.5424919435524052       0.62028725531673734       0.49629559036180648       0.22614294847004149        95.212867879985339     
   2.7038849813158854       0.61911759279388157       0.49546562730142818       0.22464205580799054        95.204876900013431     
   2.8591504736010815       0.61811978859993622       0.49557321763260859       0.22316886191421395        95.201427952246917     
   2.9733954150328663       0.61745814928324538       0.49598248697118724       0.22206820305087194        95.202190859932074     
   2.9999999999999996       0.61731331675200063       0.49609455590556550       0.22180965827447421        95.202735625331272     
   3.0266045849671328       0.61717416822260440       0.49620764106716886       0.22154929201672613        95.203394591748648     
   3.1579921749244546       0.61664315518450286       0.49669312447381431       0.22020864818713079        95.207413929742373     
   3.2825119789099735       0.61654382016742315       0.49683578636165998       0.21879953072939848        95.208979994497099     
   3.3749709726018322       0.61677931855702495       0.49658927651790757       0.21764897922404783        95.205407007236019     
   3.4980788853709996       0.61745670424776555       0.49562316756878255       0.21599392323035033        95.190190877820726     
   3.6169866698116331       0.61833857829579453       0.49386272930256370       0.21431059468221003        95.160943123619475     
   3.7114010664897052       0.61903472748049870       0.49183450388038696       0.21296086158155075        95.126645933003857     
   3.7800270245974508       0.61950424525144876       0.49001243763678431       0.21198227837226138        95.095670683761668     
   3.9090359855061667       0.62031498420094511       0.48586294804838054       0.21014572631569148        95.024150613153381     
   4.0219679945861815       0.62095409278345481       0.48161842305655889       0.20854048056177224        94.948106495890386     
   4.1349000036661963       0.62154738114210761       0.47708637021251082       0.20693296462664329        94.860925757409817     
   4.2638143338736079       0.62220153501278497       0.47198309784979031       0.20508788627724242        94.750428856538676     
   4.3927286640810195       0.62282604179678680       0.46743566941084608       0.20323858409406761        94.632221225586122     
   4.5216429942884311       0.62333908932999538       0.46389787707520364       0.20141704726580273        94.512026447323336     
   4.6152217153715736       0.62361908177798597       0.46213441726317056       0.20012431774570283        94.427314166115352     
   4.7549045439104773       0.62391357870360298       0.46089427070199401       0.19824283428291956        94.310486523519373     
   4.8680205682504436       0.62411159516812509       0.46112232560534833       0.19674613319989870        94.227932667858056     
   4.9793428687418277       0.62435143738307697       0.46231669616703819       0.19527567059345982        94.159027573838955     
   5.0824080049810592       0.62463426592365734       0.46404730933774879       0.19391216098032404        94.106309698825868     
   5.2166718990347736       0.62508975041479897       0.46665865124358102       0.19213558548967521        94.051962968329974     
   5.3369427874937792       0.62556820538684554       0.46875978497267756       0.19054972506620305        94.013670660759402     
   5.4352981902670212       0.62599652471669409       0.46995076537258484       0.18926132093385054        93.986448026436051     
   5.5288897103914518       0.62642709022733345       0.47046553763980586       0.18804513161247977        93.961308846768276     
   5.6224812305158824       0.62688593919040625       0.47032358374667271       0.18683706844993891        93.934638965150342     
   5.7600683498867955       0.62764519723859391       0.46894954385705506       0.18506658802883583        93.888547130884064     
   5.8889460378308840       0.62849506462795779       0.46655806797823640       0.18340081013896331        93.834015073266997     
   6.0686485193716928       0.63000620541057328       0.46189299614944790       0.18103792629633955        93.734386261347041     
   6.1967808468716141       0.63141881081709406       0.45795085439769562       0.17929829950553219        93.644523313620809     
   6.2552755625584373       0.63223431488692428       0.45605299835711999       0.17846994367212807        93.597830700643129     
   6.3536661055790224       0.63396985530329131       0.45279355825241391       0.17700091997857989        93.510216206444696     
   6.4520566485996076       0.63621701392011087       0.44952236512749183       0.17542966786545011        93.409783580004401     
   6.5504471916201927       0.63895965528366672       0.44631442408887895       0.17376674946246820        93.295270240100947     
   6.6488377346407779       0.64209430969429038       0.44323430745577536       0.17203930457606106        93.166326981993194     
   6.7472282776613630       0.64543235057712267       0.44033425469409226       0.17028795300149510        93.023927887981131     
   6.8658163649344770       0.64934429347009215       0.43713078174866576       0.16822183056214929        92.838241451225713     
   6.9844044522075910       0.65268503945965284       0.43429436469709509       0.16629790693007263        92.644571064738287     
   7.0925759607846386       0.65495736599690346       0.43206787744820224       0.16473454657989484        92.469159865521078     
   7.2007474693616862       0.65636684606259688       0.43022091706184568       0.16339863775983135        92.302716400050983     
   7.3089189779387338       0.65691741845122076       0.42878480727336132       0.16231150811509418        92.151919883825883     
   7.4096844131810107       0.65677024341473644       0.42784097514914243       0.16151295293221876        92.029957900276017     
   7.5085055350268073       0.65613217634199872       0.42730297003662732       0.16091002861746218        91.930106089086948     
   7.5791784390202279       0.65538560622241426       0.42716144485884472       0.16059228575644618        91.871501215457045     
   7.6865298670035349       0.65377080782505193       0.42734342206176779       0.16030869094963374        91.804176980938450     
   7.8263643665985239       0.65088621885786879       0.42830687871917994       0.16029678618644980        91.757711888666464     
   7.9484140299363908       0.64783894457909896       0.42981649472129263       0.16057145996558742        91.755845176343456     
   8.0704636932742577       0.64459155865347317       0.43193303066667965       0.16101095835823268        91.788218951958896     
   8.1859413395957574       0.64160080158059007       0.43446887312812338       0.16147302729130289        91.846404890365434     
   8.3014189859172571       0.63876552847280121       0.43748950098623091       0.16194772090405080        91.926771626475855     
   8.4886611533635818       0.63453085537702647       0.44331031901235946       0.16272680104525633        92.094090565970475     
   8.6759033208099066       0.63070049139560280       0.45009056450864982       0.16352822753017340        92.295516377607427     
   8.8631454882562313       0.62712868280529577       0.45759960435526598       0.16440286170615942        92.521640407290320     
   8.9867027470417593       0.62484856462554228       0.46283791636781624       0.16504394719870213        92.681452566327295     
   9.0790762206248399       0.62316428313858119       0.46683778224434519       0.16556411673247820        92.805534707299941     
   9.1945642456437255       0.62106135159325682       0.47178350534683805       0.16627282568881344        92.965299185229640     
   9.3357762009101339       0.61845686275830469       0.47735789223925662       0.16724547430975534        93.165582865580859     
   9.4769881561765423       0.61573737720183208       0.48183987156868763       0.16837407979230581        93.367692165584231     
   9.5813630236683647       0.61356135503645681       0.48411733120058187       0.16935334252000239        93.515811003704556     
   9.6651230684605185       0.61168836595713105       0.48520610395504687       0.17024360022272306        93.632722691812035     
   9.8052980704819266       0.60831971878654756       0.48552010566651277       0.17194250283313309        93.822381896714816     
   9.9373717724881505       0.60496926216957547       0.48412476307883873       0.17374763660569115        93.991615714390548     
   10.047142356370738       0.60216491688540741       0.48181048639348600       0.17534689862965050        94.122988884245729     
   10.132528092004211       0.59999738656700496       0.47940660254142908       0.17663762930067398        94.218222579361282     
   10.260160462726001       0.59679368060136839       0.47513971647228320       0.17862981379452691        94.348536466736576     
   10.397344406321420       0.59342490211143040       0.47012741988219825       0.18083118636296416        94.473229886358936     
   10.507228583214140       0.59080132633699622       0.46611935999518850       0.18262136335503412        94.563179033641347     
   10.617112760106860       0.58825791974778108       0.46230438020019243       0.18442157062805140        94.646078000968728     
   10.708328995538702       0.58617512213360112       0.45933485781594063       0.18593381913227452        94.710839081457365     
   10.848227968623137       0.58289523555028244       0.45517048766774876       0.18834174979387291        94.806228605189844     
   10.968337477157352       0.57990975128990008       0.45201478488685987       0.19053362790752659        94.888062627291717     
   11.116111950470483       0.57600003601696959       0.44872120631422280       0.19340119748437687        94.993873149873934     
   11.261529364575940       0.57199172505333384       0.44616947919393801       0.19636460042932649        95.107674055668269     
   11.461538268037827       0.56646469647972975       0.44386159275625975       0.20054316679246195        95.283331140245934     
   11.661547171499715       0.56101356582057815       0.44301357991447271       0.20479036061199812        95.482313146928689     
   11.861556074961602       0.55567844201336070       0.44364208743639416       0.20908004240181055        95.704903748322778     
   12.061564978423489       0.55047704607734349       0.44569434235068289       0.21339425406367066        95.950760810660512     
   12.261573881885376       0.54543775770281566       0.44904886091872703       0.21770522164392372        96.218670346257625     
   12.461582785347263       0.54053933820677513       0.45352416934798262       0.22201067688088655        96.506721081883811     
   12.669780216690647       0.53546568303061792       0.45912743835966219       0.22654046308606146        96.826192480275807     
   12.789955865185128       0.53243046894979340       0.46268987855313465       0.22924176948522598        97.019839654594023     
   12.868000963156160       0.53039808405418309       0.46508651955786384       0.23104161261946257        97.149480665059329     
   12.967063146418027       0.52775448063909725       0.46811655891104431       0.23337499975766882        97.318407684629534     
   13.088947924780864       0.52443679203322058       0.47154184891267070       0.23630084184371469        97.531950346991238     
   13.210832703143701       0.52112829238707337       0.47419994370558094       0.23923345826668790        97.748777909649561     
   13.299633396813610       0.51882067696456202       0.47538975542886092       0.24130742495179219        97.905711970618128     
   13.388434090483518       0.51668067386335748       0.47580237523923580       0.24327293055236193        98.058458859980163     
   13.477234784153426       0.51474502226727803       0.47539741008030489       0.24510556411183515        98.203830197774380     
   13.590485823303686       0.51257703682579059       0.47375550863509641       0.24724776265739840        98.374130726619100     
   13.703736862453946       0.51067636660231019       0.47100368889730188       0.24921350239107901        98.523840064155863     
   13.813186247709913       0.50894139440414110       0.46748876507691672       0.25103312569794645        98.647615937736234     
   13.907053120499592       0.50744036811586846       0.46398614057201693       0.25258342985481724        98.738202182391774     
   14.030902430368737       0.50540682563646244       0.45902083899259954       0.25463320481270924        98.838487137539516     
   14.200829806082739       0.50252407509220187       0.45240778599077902       0.25744755515619760        98.948680668773619     
   14.330973188477515       0.50029169579302335       0.44822041970444682       0.25957346935200093        99.019726540843493     
   14.438512880340026       0.49848005706482579       0.44574796926068366       0.26127932349699362        99.075023573586108     
   14.525035191216441       0.49706202377952996       0.44454514425357733       0.26260637817822097        99.119931199478600     
   14.645408907716721       0.49514957000023380       0.44411741851808850       0.26438275474153256        99.186458755423402     
   14.753988261026787       0.49348268118347371       0.44492939629449985       0.26591529729229946        99.253362116862746     
   14.857052100512623       0.49194798047594224       0.44655420088440329       0.26730983859993068        99.324650102725528     
   14.960115939998460       0.49045455185834630       0.44870890476170211       0.26864797269773433        99.403954175472322     
   15.099593256790762       0.48849321351804909       0.45186876986236385       0.27037146849198601        99.522585449601962     
   15.221866338716167       0.48683560906132001       0.45430926205580668       0.27179536196200077        99.633906693537881     
   15.321614103187693       0.48553475948148189       0.45577746774586197       0.27289066880943225        99.726578056564961     
   15.421361867659220       0.48428623858277320       0.45664564384230166       0.27392192702960516        99.818117078648172     
   15.551209927211744       0.48274438191003793       0.45678103688089006       0.27516403473459045        99.931563341847152     
   15.665029200905574       0.48146986790199198       0.45596381140011732       0.27615811949097818        100.02235569504492     
   15.778848474599403       0.48027530337808844       0.45436316487095851       0.27705640560996436        100.10262359548696     
   15.892667748293233       0.47919981775892012       0.45219750157731670       0.27783223887832309        100.17085407390982     
   16.047588891391008       0.47797702155777122       0.44888925491935566       0.27865622045710731        100.24353184010359     
   16.174022897350945       0.47719027394352920       0.44637730098683553       0.27912342884215396        100.28678535758311     
   16.284923520290974       0.47662587423894565       0.44461951201475980       0.27939759176383105        100.31504317186186     
   16.395824143231003       0.47613907002687017       0.44343031234805996       0.27956924029879093        100.33689658768260     
   16.586094337267713       0.47544732540289303       0.44291933542308393       0.27965799206226505        100.36705037675861     
   16.731672738877368       0.47503373883216771       0.44393582953227173       0.27956622965862687        100.39003467946199     
   16.877251140487022       0.47472806248253141       0.44616333484538440       0.27933843242999490        100.41745224416823     
   17.004472372469007       0.47459727655008122       0.44901711854296561       0.27900245524714334        100.44696812948355     
   17.161206341044341       0.47479750252184183       0.45350213521395782       0.27831447824644573        100.49007703140386     
   17.315017038886893       0.47552999869445928       0.45865765803010755       0.27727329134837486        100.53602733178332     
   17.468827736729445       0.47684537870649502       0.46419661584289451       0.27585290620135672        100.58007830262602     
   17.622638434571996       0.47871434719604383       0.46972239324745374       0.27407785278522945        100.61638686933711     
   17.776449132414548       0.48116617886575386       0.47481702676253723       0.27194827882729750        100.63881383194204     
   17.992273171458862       0.48570212981937333       0.48039692070425566       0.26834474036686540        100.63306124335732     
   18.102839912042683       0.48855965370743692       0.48219119966982948       0.26621879484751310        100.60689419195633     
   18.141915988076946       0.48967004260791119       0.48261195878114210       0.26541911476261887        100.59304640211657     
   18.263207803752426       0.49356988816093483       0.48313006524368912       0.26274425320814460        100.53211615295341     
   18.376500884681160       0.49793632361847873       0.48247508377160758       0.25996371037889232        100.44640391683974     
   18.483552615648893       0.50269431635301809       0.48083394125223422       0.25710383827967603        100.33553119028231     
   18.590604346616626       0.50792505785878872       0.47825245158643936       0.25406573914059855        100.19318135939275     
   18.680101985330779       0.51246447496283809       0.47544565674821565       0.25144135588952332        100.04995669871504     
   18.766752783708156       0.51683955911522006       0.47224282187899219       0.24886785250043256        99.891740933754747     
   18.877853200969600       0.52233654137287155       0.46756384466354195       0.24554353608329524        99.664058791481750     
   19.041293223142844       0.53015814065350331       0.45983612028360765       0.24061937339501061        99.287185425599901     
   19.165142593326642       0.53589386119515869       0.45356786773572438       0.23686486563119052        98.975499525135547     
   19.240776228852884       0.53933721776671673       0.44964992023232347       0.23456014332750261        98.776481574885992     
   19.299005711256225       0.54196935773653443       0.44661388014155207       0.23277785578242813        98.619541728049356     
   19.357235193659566       0.54465485421996462       0.44357649339811844       0.23097326501659896        98.459657023141830     
   19.461991476942767       0.54992280953090189       0.43815132336369261       0.22760640992064213        98.163915305875179     
   19.546668376209713       0.55483141684165138       0.43384555914184686       0.22472880760406605        97.915139435676352     
   19.631345275476658       0.56041925413264193       0.42965242757722255       0.22170376698117533        97.655039519571631     
   19.716022174743603       0.56664463069830673       0.42561105930793180       0.21854917319735973        97.381571573811257     
   19.800699074010549       0.57335291398728716       0.42176230355642697       0.21529796689768904        97.093766941421109     
   19.885375973277494       0.58028413124778433       0.41814939217594305       0.21199414530705171        96.792228002632015     
   19.970052872544439       0.58709405271147264       0.41481797721386893       0.20869067398033234        96.479469726089533     
   20.054729771811385       0.59343930361452435       0.41181652623528758       0.20544150734071970        96.159921671144048     
   20.139406671078330       0.59907669361735083       0.40919702989763707       0.20229114679197271        95.839281337507956     
   20.224083570345275       0.60386852930208412       0.40701406515444166       0.19927449192824556        95.523695293571890     
   20.308760469612221       0.60778888904131401       0.40532296351534097       0.19641287865458942        95.219047989565738     
   20.393437368879166       0.61092814073522161       0.40417702493144153       0.19370689026400956        94.930301816393438     
   20.478114268146111       0.61349909008722991       0.40362388882721228       0.19112666627771030        94.660878596558376     
   20.562791167413057       0.61580825882147172       0.40370144663019875       0.18861220223294989        94.412141304503862     
   20.617974800717452       0.61729361678652872       0.40410361137763734       0.18698286793302324        94.260937446065270     
   20.689654719227033       0.61921634256772218       0.40504623452377186       0.18487490263562034        94.076740823450990     
   20.790646611316642       0.62190021530802531       0.40717422409587056       0.18192644856878945        93.839579498652597     
   20.919453890153161       0.62529658626330487       0.41118610225330510       0.17820453238805720        93.572905471228665     
   21.048261168989679       0.62865965265166901       0.41650844433989515       0.17453431790524065        93.343633934463512     
   21.188035715464551       0.63225849835779624       0.42352195462840747       0.17062270352560660        93.133718889851693     
   21.323410249890529       0.63563989835152235       0.43126838755887320       0.16692822649819228        92.965502118495067     
   21.458784784316506       0.63876680156949617       0.43968561974090470       0.16337420358469851        92.829064393625430     
   21.594159318742484       0.64149761498573188       0.44853626836376603       0.16000735729138554        92.722800792919102     
   21.763440114726297       0.64422338737083151       0.45990761447735784       0.15611142853053564        92.630839565587536     
   21.868464393545768       0.64550018127359998       0.46699981033529303       0.15388554791888401        92.595907965757775     
   21.945816718147274       0.64621602143274770       0.47219367139234136       0.15234880125341413        92.580677922537802     
   22.077606239395958       0.64685478286948928       0.48090969592144162       0.14997719555543781        92.575318615408804     
   22.190203514883930       0.64673558350513660       0.48815015692737018       0.14823459563929758        92.592094496862245     
   22.302800790371901       0.64600119839634451       0.49512509929856668       0.14677230086582135        92.629323258637967     
   22.443190454425658       0.64435115858379211       0.50333536532919065       0.14532980560351089        92.704314933562856     
   22.557190239996469       0.64260618825115590       0.50950359991273941       0.14442624200238516        92.786774605618035     
   22.671190025567281       0.64060938558091818       0.51512552924097976       0.14374032256124786        92.885586888330508     
   22.898399034089902       0.63600535002265846       0.52430215677658309       0.14302320348082306        93.119267815448083     
   23.083661141869790       0.63182812468675509       0.52932816075816658       0.14303678055979352        93.331987037040633     
   23.245168704356054       0.62805998931623586       0.53160721189124382       0.14341432665136800        93.521779264020054     
   23.358997877399457       0.62537501577536370       0.53196637816222625       0.14385941792436949        93.652711707306793     
   23.515100174614147       0.62167070104155453       0.53080193412191001       0.14468972651923645        93.823044614796430     
   23.671202471828838       0.61796734408877085       0.52786702203969649       0.14575406482534836        93.978184958625249     
   23.763934454355489       0.61578677484796696       0.52539152746854501       0.14648788506429258        94.061803458155708     
   23.820997790025395       0.61448072208905580       0.52363381463942849       0.14696434087974786        94.109815033610872     
   23.919589230679744       0.61240702086820631       0.52023457063156342       0.14778043795280105        94.185798636075617     
   24.018180671334093       0.61067756935572592       0.51645381792882128       0.14854026818677304        94.251333955679698     
   24.138533060965617       0.60910486374246453       0.51145874868028385       0.14936523381853625        94.314427274676987     
   24.251909121719223       0.60811252725569076       0.50653121194577266       0.15006202742309702        94.355009591147422     
   24.365285182472824       0.60740226029522537       0.50156104695147075       0.15075039490717415        94.377501724053516     
   24.478661243226426       0.60664898324252925       0.49672384241181405       0.15154209249191714        94.385004102821668     
   24.592037303980028       0.60550779979082259       0.49220364314117504       0.15256168125538727        94.383704340753695     
   24.705413364733630       0.60377531936915885       0.48819659694647749       0.15389879826974692        94.381678878853947     
   24.817813480941016       0.60142143149086047       0.48493518870618901       0.15558355517461706        94.387176328287680     
   24.930213597148402       0.59851523849528299       0.48258587026928723       0.15761785345497389        94.407355641975840     
   25.023947078196414       0.59581421156447734       0.48145529482176713       0.15952729748059175        94.439233065917250     
   25.117680559244427       0.59294094242945194       0.48115268612304973       0.16159603676991699        94.486852630919557     
   25.211414040292439       0.58990809711459335       0.48168599048881666       0.16382033378864877        94.551629373256475     
   25.324728538075615       0.58605064037324173       0.48335573821480760       0.16670827329710622        94.654251942916673     
   25.436088414671620       0.58210734309601331       0.48586552186502957       0.16973147629456051        94.781417358847136     
   25.575330965806451       0.57708540523541219       0.48973606622004806       0.17369687682930565        94.975023129765574     
   25.690074052046210       0.57299322120648177       0.49313020620789672       0.17703925573936563        95.159282089117980     
   25.776071709043148       0.56998174970715276       0.49560025549034348       0.17956654956078980        95.308885206608977     
   25.895367915955820       0.56587345037784809       0.49873709938126598       0.18310360890832869        95.528456887217189     
   26.014664122868492       0.56184454791249550       0.50143446855969187       0.18667046316999264        95.757441190655399     
   26.133960329781164       0.55790071067639335       0.50370815351305775       0.19025609424225345        95.991577320643387     
   26.253256536693836       0.55405628813214469       0.50570857802518998       0.19384448400633483        96.227733759868471     
   26.359748231060973       0.55078238110385813       0.50749014988507635       0.19699742338172588        96.438502722321402     
   26.489759441285063       0.54715628684344320       0.51009435788137891       0.20066936587021769        96.693892016063359     
   26.615326887067916       0.54412973763099504       0.51354812005673456       0.20397270227959641        96.937454692670116     
   26.712324568898328       0.54210012908278471       0.51708420686483669       0.20636601216865841        97.123809706327705     
   26.809322250728741       0.54027528380936773       0.52143042823992736       0.20865490586475893        97.309584006939644     
   26.906049121538761       0.53853780742321822       0.52649107599611511       0.21089718815395969        97.495684748153579     
   27.031259881766726       0.53618093569261849       0.53385778180104337       0.21386525597892064        97.740957150251575     
   27.136925329139213       0.53397488171304408       0.54053736407928776       0.21650319923492062        97.954663492334547     
   27.242590776511701       0.53155868341198331       0.54744787247145954       0.21928158194615119        98.176511312471760     
   27.348256223884189       0.52901508019931098       0.55446012456929339       0.22216011284002410        98.407146674423075     
   27.453921671256676       0.52649691610560867       0.56148364851577837       0.22504688492701824        98.645591667545446     
   27.550907738194223       0.52427596343837435       0.56788458814571441       0.22765817611569097        98.869470191722371     
   27.695433518337907       0.52114087915279539       0.57725775335974105       0.23146038606803090        99.208104722740984     
   27.936375138708179       0.51636876929991959       0.59217558249336755       0.23751132180253229        99.773628107575064     
   28.116365675643149       0.51316708754845186       0.60247325772672378       0.24174870306300711        100.18701710463232     
   28.296356212578118       0.51039318694231417       0.61174461449235185       0.24563757329367841        100.58381918075828     
   28.434466771530801       0.50857087977584425       0.61792369803445124       0.24835737187594067        100.87157563402582     
   28.572577330483483       0.50695159809307444       0.62305011561529711       0.25087055689955484        101.14083350963968     
   28.730066093101243       0.50524815323225047       0.62730829454372539       0.25353271276816297        101.42161532523356     
   28.847795261750740       0.50404453666897242       0.62921178176737091       0.25539412691435326        101.61109591218012     
   28.965524430400237       0.50291323072728200       0.62993716820072032       0.25713656489901898        101.78133379284014     
   29.083253599049733       0.50189480767943417       0.62948769665868110       0.25873631809469205        101.93065448861601     
   29.163655531277652       0.50131850024071023       0.62854599944460143       0.25971726195829981        102.01970048972568     
   29.295495042379422       0.50078659542934456       0.62602753562382463       0.26102571573726469        102.14057512126985     
   29.415636548455897       0.50091672744716176       0.62289293317344463       0.26182050254932254        102.22028380005568     
   29.515649756450284       0.50153661667075478       0.61985510174486647       0.26217716802798596        102.26231521660439     
   29.589552234103941       0.50229280710426027       0.61748651851316683       0.26227103156383480        102.27857170441882     
   29.638683581246045       0.50292503299851099       0.61583771097893736       0.26226065805688642        102.28236849417412     
   29.685056465457141       0.50360568567797315       0.61411988032968978       0.26220302131757234        102.28073204692961     
   29.731429349668236       0.50435651791844804       0.61205890801756024       0.26210393916038199        102.27376113294579     
   29.777802233879331       0.50516535436741439       0.60946181638352526       0.26196843260042807        102.26093763431280     
   29.819906057297313       0.50594024931693649       0.60658014627572876       0.26181766615554669        102.24368135966708     
   29.862009880715295       0.50674534655106440       0.60325152319613629       0.26164363045258887        102.22065613360827     
   29.924729784219398       0.50798338233943841       0.59769845333743499       0.26134735080874283        102.17523047017549     
   29.987870504216041       0.50925232810661369       0.59172286758373960       0.26101248648404018        102.11623915637891     
   30.041160157859569       0.51032054736559029       0.58657481778720433       0.26070792851526264        102.05678465013276     
   30.109553477365967       0.51165950861946730       0.57996003113024419       0.26029670014362100        101.96891006832998     
   30.192358552353479       0.51318484123025698       0.57201937564071359       0.25978369888497926        101.84770810304207     
   30.303982392487434       0.51495811401613623       0.56147720526878719       0.25910662253672190        101.66451637357059     
   30.440784272524677       0.51648669731644581       0.54882026560704045       0.25838128231594781        101.42030567748242     
   30.570405817209380       0.51715755542994568       0.53709093297919519       0.25787248976723021        101.18093262877430     
   30.689438113271954       0.51712424302686910       0.52654073573256921       0.25758224138553343        100.96302162663071     
   30.780970568894851       0.51681487707532936       0.51856910118749722       0.25742891969303283        100.80007449105865     
   30.858209862272403       0.51654347460716110       0.51193623412700351       0.25726751610562443        100.66623121850826     
   30.960696868350635       0.51649312101777167       0.50326602492441752       0.25686129981486022        100.49203751029981     
   31.054441691749620       0.51698975285264070       0.49546403587372762       0.25620459364384229        100.33251333661983     
   31.148186515148605       0.51811755539993609       0.48778299882482118       0.25524735058957793        100.16855693212402     
   31.241931338547591       0.51986075113053998       0.48022103869345906       0.25401460759697059        99.996475104958975     
   31.335676161946576       0.52207746274440581       0.47277630946429289       0.25256838374060614        99.813821017423450     
   31.429420985345562       0.52451625390363876       0.46544699374022075       0.25099497668269771        99.620112337894156     
   31.498428313625539       0.52638123642028345       0.46012445136482660       0.24977939741701649        99.471040285517589     
   31.634613750944439       0.53021693242147039       0.44979837484209179       0.24724713355901107        99.162730395138013     
   31.770799188263339       0.53422217833586882       0.43970403531146218       0.24455335251581978        98.838322843753915     
   31.953928822966684       0.53969559884603580       0.42648630140204424       0.24073630007163357        98.382329979917685     
   32.072450245964767       0.54313401828628960       0.41814433722248839       0.23819662025814942        98.079003198758414     
   32.171497292291072       0.54588097909444733       0.41129833875861888       0.23605484607586308        97.823029669763883     
   32.383899207327886       0.55142930394959233       0.39699294790027273       0.23141489520560926        97.273126372828301     
   32.596301122364700       0.55657760985519589       0.38318511365309044       0.22674616464901609        96.729240250187516     
   32.710408438377925       0.55920152778079313       0.37596660083548988       0.22424269669154914        96.441605586664210     
   32.778354856951012       0.56071194946151293       0.37173302012792536       0.22275969212556099        96.272187978061439     
   32.860822307933674       0.56244702884137843       0.36665866003802883       0.22098322995449549        96.068772871985985     
   32.997240665411105       0.56489537026538172       0.35841622141000196       0.21816276538138527        95.739629239295738     
   33.133659022888537       0.56663067925853172       0.35035907172218383       0.21556237051289828        95.424025085963436     
   33.270077380365969       0.56754451722191956       0.34248304570348009       0.21324138900409698        95.127392699571473     
   33.406495737843400       0.56764349125505020       0.33478407171754487       0.21122599402139552        94.854443638033274     
   33.542914095320832       0.56702889027451608       0.32725816965788374       0.20950526430352401        94.608238912820127     
   33.656056351489013       0.56601817004064736       0.32114486891731575       0.20830213836377748        94.425410995870777     
   33.909500720923432       0.56209798729339167       0.30786198999520881       0.20643128312147205        94.089380138014405     
   34.103937032073645       0.55752452532014007       0.29804531725355804       0.20592373320836596        93.903561187189581     
   34.353230084960110       0.54963759405405443       0.28591561193544235       0.20682844402707887        93.762041731370687     
   34.581890759526296       0.54033472518986214       0.27522435232302334       0.20967726104407550        93.734431529100107     
   34.799235198909344       0.52971937050402818       0.26543301690105003       0.21463385095919546        93.805601866293941     
   34.950677843588949       0.52140565133551453       0.25881721466829188       0.21959937149776237        93.913908020111023     
   35.046855290183309       0.51576734395794743       0.25470155909025238       0.22348464078427144        94.008298512013965     
   35.266375881637970       0.50192589068965954       0.24555126348574521       0.23482709949922975        94.300192107842165     
   35.441130604439607       0.49008272233921280       0.23850253778314431       0.24662269773378978        94.610486896109919     
   35.615885327241244       0.47770683543941445       0.23165615082368488       0.26106686024245590        94.990655819063164     
   35.778175648398992       0.46589226700340008       0.22547420831968201       0.27694222517905154        95.405422066316177     
   35.939087003136073       0.45396827130590856       0.21950767939470034       0.29517306882070643        95.874126580627617     
   36.059034147898004       0.44500111692315203       0.21516303153052585       0.31041776265151172        96.260005245416636     
   36.214764436556514       0.43333530939595138       0.20965031557295588       0.33227354987023783        96.806120444061307     
   36.343919040203311       0.42370084652949475       0.20518565666871461       0.35205146595753384        97.295971446398084     
   36.463484447640298       0.41484879889818410       0.20113727671474074       0.37162233547394646        97.777475712157838     
   36.656859430390377       0.40071866715466298       0.19475813977161685       0.40573133627049246        98.609128976589417     
   36.802428848715245       0.39027464891178015       0.19008986046291862       0.43325248489796830        99.274763599823046     
   36.929278540234797       0.38133740748214850       0.18611323799799323       0.45835897476489451        99.879727409385225     
   37.027269360397220       0.37454595995287687       0.18309835940675970       0.47841136203158552        100.36141054240095     
   37.167383204680974       0.36500391908353519       0.17887212841548519       0.50809277675592202        101.06995780946129     
   37.282289088498374       0.35733274285674627       0.17547914492863570       0.53325966213670628        101.66706164383912     
   37.397194972315773       0.34981482226240335       0.17215052215043330       0.55900991715426640        102.27709997933829     
   37.512100856133173       0.34247089379274204       0.16888503923767800       0.58509270271571912        102.89807512171993     
   37.617771891638085       0.33589028571661461       0.16593670210303368       0.60911875384530412        103.47641743659476     
   37.667287138081058       0.33286546467323130       0.16457293765419576       0.62035606842669577        103.74909373936127     
   37.798544356644371       0.32502385437265280       0.16101180074293478       0.65007089333185708        104.47502968812255     
   38.034061545050463       0.31157932647917230       0.15481406157910746       0.70300192708476184        105.78021182569850     
   38.269578733456555       0.29890526174795540       0.14885488859841453       0.75521401466519500        107.07621416429593     
   38.583030886218864       0.28316839091335699       0.14127804569539310       0.82307400874100034        108.76829546054843     
   38.971598531020277       0.26533969468673863       0.13241866790029452       0.90354228631085642        110.78783770928668     
   39.360166175821689       0.24923337166680051       0.12411485112339911       0.97851285076683026        112.69372543590757     
   39.683874269506077       0.23703287009569282       0.11759611588404963        1.0357006222027969        114.17620673581939     
   40.007582363190465       0.22586125889857755       0.11141975634540084        1.0873060510756520        115.54900210001729     
   40.331290456874854       0.21565069389258840       0.10556779031978501        1.1327197548522241        116.80081693874698     
   40.594891269829816       0.20800181614908039       0.10103023616494725        1.1647886743708766        117.72421049184942     
   40.805786707288739       0.20228892814181268        9.7540785214913606E-002   1.1871889379619245        118.39808838318289     
   41.220866054311756       0.19203607826004293        9.1021041883614803E-002   1.2228326544915460        119.55177336320034     
   41.635945401334773       0.18300287783931793        8.4937086033546133E-002   1.2474249290700035        120.47533788256270     
   42.049472325445890       0.17511037918923122        7.9280299210952088E-002   1.2612880800199624        121.17011773590455     
   42.460589633854994       0.16826108746480287        7.4029977515325363E-002   1.2651079961717935        121.64579450284208     
   42.871706942264098       0.16231404786860151        6.9127357306473056E-002   1.2597642158687627        121.91880749667457     
   43.282824250673201       0.15718172459144533        6.4549412124129721E-002   1.2462099146110026        122.00445229719021     
   43.693941559082305       0.15278002941581798        6.0274640430679163E-002   1.2255500330159501        121.92114489877271     
   44.125630805856616       0.14885550500243114        5.6090320121815800E-002   1.1975282918142067        121.67479438860258     
   44.237705205567025       0.14794229880160806        5.5052329820649455E-002   1.1893667168142750        121.58736082553088     
   44.292622428058827       0.14750921879812767        5.4550741965766383E-002   1.1852535858473048        121.54129689804037     
   44.347539650550630       0.14708694641070591        5.4053724133205451E-002   1.1810593865211922        121.49318609025723     
   44.402456873042432       0.14667468195213124        5.3561234684988746E-002   1.1767909419614617        121.44306186477013     
   44.457758372464177       0.14626284412650342        5.3069833334889308E-002   1.1724628667421801        121.39065161799417     
   44.500170286705348       0.14595239236339000        5.2696023852640154E-002   1.1691047584559571        121.34923050774250     
   44.555266401833570       0.14558215672372768        5.2214347744642835E-002   1.1645301721060974        121.29371563448655     
   44.610362516961793       0.14527761246842227        5.1737074471168064E-002   1.1595532715217010        121.23570773795824     
   44.665440611184579       0.14504359438429765        5.1264317758769599E-002   1.1541678840706679        121.17446827339278     
   44.742209765812582       0.14482980817747876        5.0612576396679113E-002   1.1460428776513085        121.08254734861866     
   44.838697973419109       0.14476431000906106        4.9805166462180417E-002   1.1347954898341868        120.95422115671890     
   44.935186181025635       0.14494464590849201        4.9010636944441993E-002   1.1224106224921757        120.80931166583679     
   45.098307828129698       0.14586620379599624        4.7696138666779811E-002   1.0989873356348026        120.52087876516806     
   45.261429475233761       0.14765450687882331        4.6417242571823433E-002   1.0726340574816824        120.17114740051784     
   45.305185305987564       0.14829579296148127        4.6081092920008358E-002   1.0651004114272051        120.06612687713827     
   45.348941136741367       0.14900630782283014        4.5750858761145881E-002   1.0573881452920744        119.95620245929456     
   45.392696967495169       0.14978943028448688        4.5438092374664243E-002   1.0494998426614086        119.84132871748587     
   45.428015753842310       0.15048245105777416        4.5237541880880749E-002   1.0429950766856462        119.74497422655074     
   45.451490891128088       0.15097607779630537        4.5191117840878231E-002   1.0386013878905516        119.67915594891947     
   45.481899314893305       0.15165117462295213        4.5378816533825764E-002   1.0328367237506433        119.59193130862066     
   45.502906328204716       0.15213523579363436        4.5741374958907503E-002   1.0288179026455324        119.53054805227482     
   45.519280774430541       0.15251798490391671        4.6135744567566320E-002   1.0256731469157938        119.48216967436169     
   45.546797450295706       0.15316322997081935        4.6884996139335861E-002   1.0203797709230844        119.39996306838292     
   45.571444706432722       0.15373680476143334        4.7521382518667873E-002   1.0156406124639983        119.32542114919418     
   45.596091962569737       0.15430303385821198        4.8066706119900701E-002   1.0109093448391484        119.25001721372583     
   45.620739218706753       0.15486264720025100        4.8540071113935920E-002   1.0061849962610692        119.17373631981704     
   45.657228295224336       0.15568435921203549        4.9203747595124137E-002  0.99919473572487505        119.05923131125969     
   45.693717371741918       0.15650251821457428        4.9897821560884965E-002  0.99220191262925261        118.94297853720975     
   45.730206448259501       0.15731784194125514        5.0635900052858014E-002  0.98520594894527269        118.82515958789652     
   45.790781587754900       0.15866072521185176        5.1886901404412225E-002  0.97359441169268879        118.62651775438115     
   45.841786102150408       0.15978001531818020        5.2947075390856940E-002  0.96382365706808548        118.45664478135149     
   45.924687226901263       0.16158085854947449        5.4757410851536972E-002  0.94795291587382402        118.17628415271601     
   46.001558523918888       0.16323206622380190        5.6574368373096103E-002  0.93325068012596879        117.91263736880522     
   46.101152864322110       0.16534670226384721        5.9190768455188968E-002  0.91422900315848643        117.56750386032779     
   46.262620908221621       0.16872367371383257        6.4335038010261858E-002  0.88346965300554747        117.00464352049843     
   46.390038942978542       0.17134962279735277        6.9460327556502513E-002  0.85928436756784132        116.56279779481957     
   46.491030140364280       0.17340262994725744        7.4340544840209910E-002  0.84019330478866072        116.21731254296935     
   46.592021337750019       0.17539990075935669        8.0003726114310031E-002  0.82123397144684529        115.87851980514557     
   46.693012535135757       0.17730015541545346        8.6444655980214780E-002  0.80248698730365098        115.54889200727006     
   46.794003732521496       0.17907093600326951        9.3596465484264035E-002  0.78402208022576247        115.23081103677414     
   46.894994929907234       0.18068656814771919       0.10133522388228847       0.76590232917936840        114.92630328970603     
   47.035433553003095       0.18264249683500186       0.11275846223538954       0.74138117041778051        114.52812079282795     
   47.208967555911805       0.18456225795937387       0.12725931687665895       0.71232651270220104        114.07914767309629     
   47.380663484677761       0.18593044538313241       0.14118357672817711       0.68506131455694119        113.68094427946181     
   47.530409776316063       0.18673929377903928       0.15236877566734955       0.66250526544676225        113.36725551446166     
   47.656693242514521       0.18719619160174245       0.16080461178210631       0.64433040846393363        113.12300573936848     
   47.769256527338143       0.18747899796007894       0.16745889410167170       0.62873888566763669        112.91768501721016     
   47.835812262626874       0.18760962815347829       0.17102030072114638       0.61976616968039555        112.80060242930600     
   47.896878519342671       0.18771885228274363       0.17407052210610899       0.61167038127370388        112.69545528933746     
   47.948775388185474       0.18784297547713200       0.17652211933828996       0.60479532104385247        112.60739108506007     
   48.028993645156824       0.18820776285684745       0.18011279192186869       0.59390396381435018        112.47201345399382     
   48.107265963606963       0.18890249407207443       0.18346525712827100       0.58272152105475195        112.33787165289651     
   48.185538282057102       0.19006281071663661       0.18676876006382589       0.57086256151367565        112.19798886971139     
   48.263810600507242       0.19179026829530521       0.19013004074403198       0.55833194187435453        112.04872652797712     
   48.342082918957381       0.19413823778283756       0.19366009383807717       0.54523314944143175        111.88698878520498     
   48.423899932395393       0.19727822636806697       0.19765137161109764       0.53107512248435174        111.70223105939493     
   48.480739930582097       0.19992545871591538       0.20066904637335617       0.52099189805095381        111.56347305287653     
   48.589368791271134       0.20624426401574852       0.20713820532750055       0.50121820637100734        111.27203311384051     
   48.697997651960172       0.21449084292336040       0.21467464017977717       0.48090140239031287        110.94219956617974     
   48.778430611897420       0.22199993549828276       0.22098088795882384       0.46560668285813567        110.67033969445653     
   48.858764488648440       0.23081942283306534       0.22786612360124350       0.45018620884037547        110.37298711814843     
   48.936411502132685       0.24075386407799837       0.23501415106359039       0.43518490334268733        110.05860439978677     
   49.009014620255428       0.25140009487149517       0.24206263982956860       0.42111252930227461        109.73810479703536     
   49.072492406397693       0.26177391922991550       0.24845490532510286       0.40881148220107960        109.43500758390883     
   49.156366356493734       0.27687360433258612       0.25714432876941262       0.39261967346731641        108.99973864672972     
   49.236906079891533       0.29261859083857511       0.26566473329426943       0.37719526839088646        108.54348572651415     
   49.317467840512180       0.30928839700255500       0.27428823995223095       0.36193666836888000        108.05013401724017     
   49.370512261688162       0.32068406106974545       0.27999374934329418       0.35199537855157603        107.70590126164370     
   49.468244658177142       0.34241598008104740       0.29051470809751545       0.33391681189674383        107.03354578301384     
   49.565977054666121       0.36485018483550363       0.30099486551847310       0.31617213164347546        106.31552823177033     
   49.716196699760872       0.39993709695878182       0.31691833439741618       0.28960771947821184        105.13588956669012     
   49.806069768421771       0.42086289561518381       0.32629343291536173       0.27415106363761832        104.39504369223586     
   49.846247990097531       0.43015145242272174       0.33044084857210304       0.26734867836354359        104.05728247675992     
   49.967095834092397       0.45781075603751936       0.34273345996308480       0.24728492307660996        103.02273832362897     
   50.119068427562695       0.49187784338163942       0.35776444249152101       0.22288669632018757        101.69522250477347     
   50.303168939795590       0.53177347967261090       0.37527568464474181       0.19454502887380565        100.07190294119985     
   50.463705162920974       0.56500084315722832       0.38987440583856681       0.17088765138505704        98.663020848723846     
   50.580662544490281       0.58815214510495128       0.40008799120783600       0.15425339829649456        97.650009106150378     
   50.740452255249679       0.61827222060676978       0.41342654982456128       0.13231750225716987        96.294205138694338     
   50.894301037574238       0.64568517950283377       0.42555255392381958       0.11202304579160562        95.027207443572181     
   50.998454006923836       0.66346900136052378       0.43333868051182439        9.8724751318487278E-002   94.193204140078521     
   51.073241442921876       0.67594629394919603       0.43871022809575222        8.9394221464174750E-002   93.606335137984004     
   51.148028878919916       0.68830820551597227       0.44389375627797811        8.0247624647308405E-002   93.028965048489269     
   51.252784142881715       0.70568364260073491       0.45083214952354056        6.7749428203446774E-002   92.233939629245626     
   51.342868246744253       0.72079751860704244       0.45649439488553029        5.7307085528115823E-002   91.560111812760695     
   51.452255963670559       0.73936383964325914       0.46299071890133514        4.5029883385933930E-002   90.750365096436511     
   51.561643680596866       0.75804613437906976       0.46907659838142196        3.3221771370818200E-002   89.947047517048844     
   51.720339175123470       0.78498893317729745       0.47720626733725441        1.6982757194661791E-002   88.790919255919704     
   51.841734906737017       0.80514628944433009       0.48290881130918861        5.3138423027561735E-003   87.915450027317391     
   51.951529148227472       0.82286697903608741       0.48773155952637076       -4.6572516757624714E-003   87.133209455495617     
   52.061323389717927       0.84008176812941537       0.49234424024465384       -1.4068902255314158E-002   86.362913989330522     
   52.203500233445887       0.86162994312470542       0.49829303522825247       -2.5425173653441532E-002   85.387684494159132     
   52.335494216156896       0.88091031104989315       0.50413893634958795       -3.5137690110684322E-002   84.509756196799557     
   52.432521736390882       0.89466622713743005       0.50880487574941236       -4.1777025465509737E-002   83.884128938170363     
   52.553036899494174       0.91130190946403355       0.51512691970190660       -4.9446730917193017E-002   83.133051834103640     
   52.673552062597466       0.92746539824411567       0.52200861198396731       -5.6492104994138106E-002   82.412878293365779     
   52.838596079017023       0.94886351311613149       0.53213273683954809       -6.5157602041229404E-002   81.478931975914350     
   53.042492541505936       0.97416741663339512       0.54531852206441866       -7.4353695685076729E-002   80.408957626029320     
   53.246389003994850       0.99826566155616914       0.55869542993022747       -8.1957229135026580E-002   79.428003212815341     
   53.419345572563792        1.0177772017635964       0.56983759016867763       -8.7215949888950789E-002   78.660782331723354     
   53.646451197683085        1.0420598130614425       0.58381577983407773       -9.2537356237284596E-002   77.736168800977765     
   53.834749764456816        1.0610320036639338       0.59463651539275786       -9.5648574388372473E-002   77.034977113004842     
   54.112069454769227        1.0871333276202046       0.60897862778132383       -9.8202781941390996E-002   76.099501613733793     
   54.344142392462288        1.1074036476409079       0.61920184444661597       -9.8592819989754846E-002   75.395180759341841     
   54.519810537018415        1.1218406484789243       0.62570472918740805       -9.7896158749004134E-002   74.903309200405303     
   54.695478681574542        1.1355270516418488       0.63110680533835439       -9.6399520072153924E-002   74.442749820237026     
   54.838177566619436        1.1461089381774088       0.63473616596673188       -9.4632350820309047E-002   74.089509891369218     
   54.950049710979783        1.1540746899527601       0.63719958498209284       -9.2922780405480424E-002   73.824898718915051     
   55.094983569728470        1.1639756214360619       0.64013361385426404       -9.0311566073837182E-002   73.498102179303530     
   55.281291850556464        1.1760485032613486       0.64405772249961102       -8.6349065895952440E-002   73.106382027896487     
   55.419942201201785        1.1845986951795249       0.64749874664908424       -8.2998101771293464E-002   72.838119047567346     
   55.541020085024826        1.1917944695441218       0.65102664764567109       -7.9817607437660865E-002   72.621962349954828     
   55.662097968847867        1.1987576102160817       0.65504982392441602       -7.6420244458394224E-002   72.423823110218038     
   55.829594784746583        1.2080296354883269       0.66129610061874267       -7.1396953324950413E-002   72.180230751771688     
   55.997091600645298        1.2168981407010568       0.66809184688078138       -6.6039987482053905E-002   71.971475960524600     
   56.250008917177411        1.2295166390670240       0.67875252466024372       -5.7413838647932071E-002   71.717253177908759     
   56.446355717543391        1.2385899085483110       0.68690005061870285       -5.0345488226843843E-002   71.564568705627252     
   56.642702517909370        1.2468641621866183       0.69462892326958825       -4.3010256808872833E-002   71.446437947386656     
   56.827298364031194        1.2538773729721642       0.70136537413160205       -3.5920738646023666E-002   71.364195174885552     
   57.011894210153017        1.2602601557305388       0.70748574642479489       -2.8698468936422430E-002   71.306726291749143     
   57.196490056274840        1.2662583314016469       0.71288553736972071       -2.1404083053811699E-002   71.268859843116303     
   57.374067103722183        1.2718334119551984       0.71730383231915684       -1.4370300719569606E-002   71.244336189508189     
   57.612240883353252        1.2791120227230939       0.72189825543087605       -4.9822824375648309E-003   71.218875990597198     
   57.840347790932491        1.2858588330705429       0.72478665495304051        3.8899662259269299E-003   71.192428391027008     
   57.997223719231172        1.2902907418958767       0.72593518077575636        9.8937531752393316E-003   71.169576001299347     
   58.103688807700436        1.2930743127836788       0.72636163968453327        1.3919182847080862E-002   71.151837046994075     
   58.237113671462126        1.2961368976858691       0.72655663148159155        1.8909390149622046E-002   71.128778158022783     
   58.349238122791839        1.2982496786075832       0.72654199435057532        2.3055990997461195E-002   71.110953643681782     
   58.497475065962895        1.3003141933916491       0.72657351292738137        2.8469609864062367E-002   71.094257738894953     
   58.645712009133952        1.3015678271456019       0.72707224898180378        3.3795781459209133E-002   71.091624432576680     
   58.775268670778757        1.3021451348687572       0.72817960073464894        3.8362585160369916E-002   71.105554094446177     
   58.902676914553766        1.3024195600908544       0.72999737257641650        4.2755183589993313E-002   71.136355180782857     
   59.030085158328774        1.3024463173314409       0.73250116280778865        4.7041977548057667E-002   71.184996640196047     
   59.226926025303896        1.3020607308590377       0.73743405502246029        5.3442162216529525E-002   71.295126964368094     
   59.417222077869425        1.3013047398791198       0.74298876772783817        5.9352366286760813E-002   71.438764206694046     
   59.607518130434954        1.3003270634650648       0.74882465964033962        6.4966798039028384E-002   71.612118060211699     
   59.797814183000483        1.2992595295297493       0.75455777923610912        7.0265463446835486E-002   71.806127088918231     
   59.988110235566012        1.2981161786951663       0.75990201544770186        7.5239434900779972E-002   72.011866773679529     
   60.178406288131541        1.2969110891025390       0.76467101469360188        7.9882543187689420E-002   72.221767885393021     
   60.309708033625967        1.2960590104525112       0.76754532658938535        8.2890874153929636E-002   72.365639538916199     
   60.434254663252872        1.2952591765170347       0.76990104750337307        8.5595051409775663E-002   72.499363590978817     
   60.503743176150827        1.2948753632159307       0.77104071281905762        8.7036123189682207E-002   72.572046069812856     
   60.638927720300387        1.2944210272581096       0.77286396467167540        8.9688372528000104E-002   72.706828069537963     
   60.774112264449947        1.2944577131893449       0.77412459355284780        9.2133532359438428E-002   72.828565098059485     
   60.909296808599507        1.2949801270831089       0.77478540586736133        9.4373184352416858E-002   72.932634699283696     
   61.044481352749067        1.2958605494066349       0.77483175754336531        9.6418163914562399E-002   73.016046562465263     
   61.179665896898626        1.2968723793049930       0.77427917410929747        9.8286383924589410E-002   73.078148200535381     
   61.351061699616650        1.2979063083155349       0.77280207229340292       0.10043533656211016        73.129655995411170     
   61.495485947391288        1.2982579815561355       0.77106886994566071       0.10208130716029229        73.155632454125794     
   61.621614662578956        1.2980439851229570       0.76950555467592807       0.10340927892745168        73.171411478788755     
   61.782899248563830        1.2970272290558760       0.76801489982382753       0.10496825631620545        73.191754381891727     
   61.916447385653122        1.2956552416724292       0.76763455329243357       0.10613959342849701        73.216456753796919     
   62.028988676995525        1.2942721410155171       0.76806914860354158       0.10703529591432007        73.246805815236272     
   62.141529968337927        1.2927504089836619       0.76917723022577500       0.10784493747558005        73.287679304593752     
   62.282423896443539        1.2906783269901740       0.77133750964868042       0.10873927120442305        73.354849533644241     
   62.485558516634271        1.2874126584493637       0.77541046353905796       0.10980218407482635        73.482334368383178     
   62.688693136825002        1.2838405213278765       0.77980254722973630       0.11061207939247168        73.640873356359975     
   62.891827757015733        1.2799375399340740       0.78368259592884193       0.11119033834171407        73.821722713146571     
   63.036294101615773        1.2769237678291669       0.78574860657095369       0.11147494541910244        73.958577366799645     
   63.154707032433500        1.2743114763471022       0.78690539277520999       0.11163527597581926        74.073157379835010     
   63.273119963251226        1.2716023700143115       0.78762489819383930       0.11173156638368768        74.188165839141988     
   63.391532894068952        1.2688470563593648       0.78805975916411186       0.11176329328194293        74.302428331827301     
   63.498825983654655        1.2663586937108835       0.78838801059368746       0.11173519699621773        74.404777179867594     
   63.576998796716360        1.2646138287142097       0.78868491075445679       0.11167673964568056        74.478494831508044     
   63.697927879606702        1.2622827378397565       0.78936453154788955       0.11150329330711746        74.590076773583192     
   63.805688300545825        1.2608194375435466       0.79025835082038098       0.11124615245189466        74.684561269035669     
   63.913448721484947        1.2600377145607367       0.79142058672059024       0.11088741957373230        74.771249525309685     
   64.021209142424070        1.2599206665369733       0.79279835892844819       0.11043233484857359        74.847346181294199     
   64.162017742830059        1.2605885246167698       0.79480097807282735       0.10971245302545955        74.927638089559082     
   64.302826343236049        1.2618222759922344       0.79687689029604092       0.10888406704316017        74.985099418270622     
   64.420772612592884        1.2628779906930174       0.79856033582854080       0.10814110187027043        75.017423143665923     
   64.519576277365587        1.2633726802544241       0.79987532432095676       0.10751713062192235        75.036780180616489     
   64.618379942138290        1.2631760159390519       0.80107532813485427       0.10692121910457224        75.053821663956043     
   64.732992013599812        1.2617679368185748       0.80231679925332566       0.10629871617274006        75.078032398491871     
   64.837146288365943        1.2592164661769483       0.80332793044934414       0.10582382890061946        75.111588111952898     
   64.936998563331770        1.2556574374617071       0.80423301542061121       0.10546092988624171        75.160123069089124     
   65.035010320505265        1.2513430012624147       0.80510594843589967       0.10518035679909001        75.227040081266125     
   65.128186589378274        1.2469053334174782       0.80596254010501733       0.10494504630338833        75.308993358473927     
   65.221362858251283        1.2425212721374652       0.80687785217120367       0.10470072154371655        75.406634884865809     
   65.282989183893150        1.2397039227173945       0.80752606575778818       0.10452879668314265        75.478219832209632     
   65.394849558269343        1.2347495867519636       0.80879947356319737       0.10419756312440019        75.619361684779975     
   65.541529698253555        1.2285951739665633       0.81065006390470618       0.10372462092406470        75.820384680079712     
   65.727381232170046        1.2213351983038676       0.81320013048107698       0.10306931144809382        76.090258809030644     
   65.913232766086537        1.2145708108105544       0.81579208794148206       0.10236863633574153        76.366724509239674     
   66.099084300003028        1.2080995576370008       0.81818533169130081       0.10165052790937250        76.642607013834962     
   66.330885825112006        1.2001130371313813       0.82049603188440878       0.10077563471361489        76.980503056379106     
   66.550497158528799        1.1924652480963058       0.82156393446001075        9.9998666801798627E-002   77.291179331837398     
   66.768462125982310        1.1848428341833359       0.82108796199047773        9.9286922571615782E-002   77.586320992027112     
   66.986427093435822        1.1773114867619383       0.81863226884488660        9.8639693943044518E-002   77.861319920643510     
   67.204085742119091        1.1699024519951777       0.81386116166208944        9.8075455184265581E-002   78.108010855941245     
   67.384198189475526        1.1638836181633048       0.80808007009352223        9.7678281511424270E-002   78.286189129207372     
   67.508382329956746        1.1598121153048890       0.80318159532064282        9.7441504341757801E-002   78.393716340466923     
   67.600882884488684        1.1568613170543871       0.79910294358057610        9.7279854411800024E-002   78.465228615581935     
   67.717602229936745        1.1534064845914211       0.79351253655260345        9.7072519594636156E-002   78.544057444006867     
   67.834321575384806        1.1504313793552490       0.78753527949184621        9.6837814542040448E-002   78.608131802244529     
   67.981734671437849        1.1474867633956414       0.77964733166225619        9.6482454555599770E-002   78.664414996819659     
   68.124307705026808        1.1454659584212703       0.77192609487983677        9.6074583972606237E-002   78.690231241967624     
   68.266880738615768        1.1440446840346179       0.76440323871128901        9.5623611473095102E-002   78.688426394330449     
   68.409453772204728        1.1428402827598865       0.75735968731340741        9.5168875521338958E-002   78.663551082809576     
   68.552026805793687        1.1413034535098434       0.75105640912247318        9.4767778736095404E-002   78.624822296777253     
   68.674394825044985        1.1393679651893365       0.74640647836143004        9.4506560962073258E-002   78.590410012922746     
   68.796762844296282        1.1367101053500341       0.74256793211157368        9.4344728518786086E-002   78.564205564328176     
   68.919130863547579        1.1333383562431811       0.73959084049993140        9.4288702896683910E-002   78.553969346063127     
   69.041498882798876        1.1294248563420892       0.73746720256755594        9.4324728070165384E-002   78.565106167351885     
   69.163611019519990        1.1253199450172686       0.73613822152191233        9.4414192834555238E-002   78.599432874867517     
   69.285723156241104        1.1213808322667185       0.73549595736152240        9.4511676986446205E-002   78.654913592156859     
   69.433741743200443        1.1170106245533600       0.73544643843923774        9.4616174475336323E-002   78.744591844977393     
   69.581760330159781        1.1131578741795078       0.73594274945786564        9.4694321905169326E-002   78.851378316785159     
   69.729778917119120        1.1097969975116857       0.73670955629264323        9.4746822277480755E-002   78.967838587915182     
   69.877797504078458        1.1068041601984009       0.73747649958847639        9.4786112602094658E-002   79.087928280444629     
   70.025816091037797        1.1039437855771663       0.73797830661515251        9.4837783350459268E-002   79.207641714973931     
   70.140604971460490        1.1015481439145092       0.73801811316569876        9.4917363154531989E-002   79.299516418387441     
   70.255393851883184        1.0987938447690979       0.73762333999191787        9.5056893920569152E-002   79.391574446551829     
   70.405399515003211        1.0944970135100851       0.73627878807251868        9.5353565730320611E-002   79.514629245175641     
   70.546104843280659        1.0897441365813780       0.73402509772584823        9.5757016691600069E-002   79.635060019195336     
   70.683254273383540        1.0846187402831386       0.73084502854714639        9.6248956845216435E-002   79.757485828236526     
   70.795720375451154        1.0802774647191062       0.72753764964320422        9.6696599097895589E-002   79.860090431699220     
   70.886873488402145        1.0767575129602440       0.72444407598306593        9.7076810072554337E-002   79.943142501567479     
   71.051440646703540        1.0704517445915958       0.71811158272089026        9.7797135136090674E-002   80.089507092731822     
   71.216007805004935        1.0642537583231815       0.71114322364275184        9.8557077073259294E-002   80.228287754865391     
   71.390363229344018        1.0577944656121736       0.70351701243743303        9.9408685325988247E-002   80.366025389186689     
   71.479645969952131        1.0545086646833473       0.69966440866600810        9.9866212943020019E-002   80.433451726420230     
   71.517678989178833        1.0530965025162193       0.69805451487123671       0.10006793380786266        80.461729544376453     
   71.612955803788694        1.0493842556915798       0.69413995305229470       0.10061279292876278        80.532402548404377     
   71.708232618398554        1.0452295000735947       0.69044312157180221       0.10124652185257696        80.605440948755330     
   71.803509433008415        1.0404764991422739       0.68701684475475322       0.10200096053986168        80.684908337436497     
   71.898786247618276        1.0350733479402228       0.68390303637988392       0.10289539305341244        80.775042029111148     
   71.994063062228136        1.0290771628396493       0.68113540180602850       0.10393104784116891        80.879468528523390     
   72.089339876837997        1.0226532340936016       0.67874222907880111       0.10508486556502468        81.000531926358363     
   72.184616691447857        1.0160814950952710       0.67674569394406336       0.10630246047390748        81.138710191798296     
   72.309133819063632        1.0078180899356637       0.67475944025137591       0.10786991972628339        81.341901876267528     
   72.405096405823642        1.0020214288889808       0.67372010719895226       0.10898889254173651        81.511164119531415     
   72.523883878308524       0.99576451730960813       0.67302526999430579       0.11022143162714869        81.728496068008539     
   72.639904820748086       0.99069754615389594       0.67296343123525648       0.11125583812360339        81.941700238519616     
   72.755925763187648       0.98655505622984652       0.67348202507489607       0.11214830803150173        82.149771751570768     
   72.871946705627209       0.98305854326677011       0.67454054635486926       0.11294938494168269        82.349439232858373     
   72.987967648066771       0.97983765816652280       0.67608971670692408       0.11372006529165597        82.540789372588861     
   73.072528340008930       0.97756756218716334       0.67749651253003107       0.11427765925165102        82.676219577998467     
   73.218236679214669       0.97380968387127043       0.68039810140306811       0.11522816877775426        82.903989469010426     
   73.426712835860897       0.96874862666656192       0.68539880832845312       0.11656100916686789        83.221797660763656     
   73.566183404735924       0.96555639291922735       0.68915863878317318       0.11743016019198858        83.430909418151970     
   73.681836214757979       0.96300270365051066       0.69245176531755359       0.11813727956500376        83.602642076250291     
   73.757521973507366       0.96130967461830730       0.69466790619994101       0.11860330521898234        83.714478890684887     
   73.886217237893774       0.95819846695114863       0.69850147418881769       0.11943315550584802        83.905234802556976     
   74.014912502280183       0.95465537323194460       0.70234966776839647       0.12033632490473287        84.099716727226522     
   74.143607766666591       0.95064821204540317       0.70612752027293613       0.12132385511472156        84.301105415571655     
   74.272303031052999       0.94629128297434284       0.70974215255305106       0.12238066485453873        84.511115476685987     
   74.373306156363228       0.94279039638437456       0.71239669077784384       0.12323018057495586        84.681574421139260     
   74.462724469975441       0.93973538749972263       0.71456550706413080       0.12397732393910352        84.835297725634348     
   74.550015648342836       0.93679636937176247       0.71646752298074301       0.12470108028831761        84.986605356410365     
   74.637306826710230       0.93389677613665645       0.71812224583385187       0.12541901113544915        85.137984761129815     
   74.718747636646398       0.93123614999680149       0.71953336720922789       0.12608045655688166        85.278504369696122     
   74.792925876608194       0.92885032462100270       0.72071433037628840       0.12667437467171747        85.405481903020458     
   74.888944002942125       0.92581177929683078       0.72206694270033911       0.12742912276084983        85.567843359145442     
   74.950024801323977       0.92390516565927372       0.72279539940048010       0.12790006598795539        85.669655972087966     
   75.000000000000028       0.92235978298094012       0.72330872238395194       0.12827944325336607        85.751934678170215     
